{"/Users/aaayush/Desktop/generator/lib/filtersRegistry.js": {"path":"/Users/aaayush/Desktop/generator/lib/filtersRegistry.js","statementMap":{"0":{"start":{"line":1,"column":13},"end":{"line":1,"column":28}},"1":{"start":{"line":2,"column":11},"end":{"line":2,"column":24}},"2":{"start":{"line":3,"column":12},"end":{"line":3,"column":31}},"3":{"start":{"line":4,"column":28},"end":{"line":4,"column":46}},"4":{"start":{"line":13,"column":0},"end":{"line":16,"column":2}},"5":{"start":{"line":14,"column":2},"end":{"line":14,"column":64}},"6":{"start":{"line":15,"column":2},"end":{"line":15,"column":69}},"7":{"start":{"line":26,"column":2},"end":{"line":57,"column":5}},"8":{"start":{"line":27,"column":25},"end":{"line":27,"column":62}},"9":{"start":{"line":29,"column":4},"end":{"line":29,"column":55}},"10":{"start":{"line":29,"column":38},"end":{"line":29,"column":55}},"11":{"start":{"line":31,"column":19},"end":{"line":33,"column":6}},"12":{"start":{"line":35,"column":4},"end":{"line":48,"column":7}},"13":{"start":{"line":36,"column":6},"end":{"line":47,"column":7}},"14":{"start":{"line":37,"column":25},"end":{"line":37,"column":82}},"15":{"start":{"line":39,"column":8},"end":{"line":39,"column":56}},"16":{"start":{"line":40,"column":20},"end":{"line":40,"column":37}},"17":{"start":{"line":42,"column":8},"end":{"line":42,"column":34}},"18":{"start":{"line":44,"column":8},"end":{"line":44,"column":15}},"19":{"start":{"line":46,"column":8},"end":{"line":46,"column":18}},"20":{"start":{"line":50,"column":4},"end":{"line":52,"column":7}},"21":{"start":{"line":51,"column":6},"end":{"line":51,"column":29}},"22":{"start":{"line":54,"column":4},"end":{"line":56,"column":7}},"23":{"start":{"line":55,"column":6},"end":{"line":55,"column":16}},"24":{"start":{"line":68,"column":22},"end":{"line":68,"column":44}},"25":{"start":{"line":69,"column":30},"end":{"line":69,"column":44}},"26":{"start":{"line":70,"column":2},"end":{"line":70,"column":42}},"27":{"start":{"line":70,"column":35},"end":{"line":70,"column":42}},"28":{"start":{"line":72,"column":19},"end":{"line":84,"column":4}},"29":{"start":{"line":74,"column":4},"end":{"line":81,"column":5}},"30":{"start":{"line":77,"column":6},"end":{"line":77,"column":35}},"31":{"start":{"line":80,"column":6},"end":{"line":80,"column":83}},"32":{"start":{"line":83,"column":4},"end":{"line":83,"column":30}},"33":{"start":{"line":86,"column":2},"end":{"line":86,"column":30}},"34":{"start":{"line":96,"column":2},"end":{"line":105,"column":5}},"35":{"start":{"line":97,"column":18},"end":{"line":97,"column":30}},"36":{"start":{"line":98,"column":4},"end":{"line":98,"column":45}},"37":{"start":{"line":98,"column":38},"end":{"line":98,"column":45}},"38":{"start":{"line":100,"column":4},"end":{"line":104,"column":5}},"39":{"start":{"line":101,"column":6},"end":{"line":101,"column":43}},"40":{"start":{"line":103,"column":6},"end":{"line":103,"column":37}}},"fnMap":{"0":{"name":"(anonymous_0)","decl":{"start":{"line":13,"column":33},"end":{"line":13,"column":34}},"loc":{"start":{"line":13,"column":94},"end":{"line":16,"column":1}},"line":13},"1":{"name":"registerLocalFilters","decl":{"start":{"line":25,"column":9},"end":{"line":25,"column":29}},"loc":{"start":{"line":25,"column":65},"end":{"line":58,"column":1}},"line":25},"2":{"name":"(anonymous_2)","decl":{"start":{"line":26,"column":21},"end":{"line":26,"column":22}},"loc":{"start":{"line":26,"column":42},"end":{"line":57,"column":3}},"line":26},"3":{"name":"(anonymous_3)","decl":{"start":{"line":35,"column":22},"end":{"line":35,"column":23}},"loc":{"start":{"line":35,"column":51},"end":{"line":48,"column":5}},"line":35},"4":{"name":"(anonymous_4)","decl":{"start":{"line":50,"column":24},"end":{"line":50,"column":25}},"loc":{"start":{"line":50,"column":50},"end":{"line":52,"column":5}},"line":50},"5":{"name":"(anonymous_5)","decl":{"start":{"line":54,"column":21},"end":{"line":54,"column":22}},"loc":{"start":{"line":54,"column":33},"end":{"line":56,"column":5}},"line":54},"6":{"name":"registerConfigFilters","decl":{"start":{"line":67,"column":15},"end":{"line":67,"column":36}},"loc":{"start":{"line":67,"column":76},"end":{"line":87,"column":1}},"line":67},"7":{"name":"(anonymous_7)","decl":{"start":{"line":72,"column":35},"end":{"line":72,"column":36}},"loc":{"start":{"line":72,"column":58},"end":{"line":84,"column":3}},"line":72},"8":{"name":"addFilters","decl":{"start":{"line":95,"column":9},"end":{"line":95,"column":19}},"loc":{"start":{"line":95,"column":39},"end":{"line":106,"column":1}},"line":95},"9":{"name":"(anonymous_9)","decl":{"start":{"line":96,"column":46},"end":{"line":96,"column":47}},"loc":{"start":{"line":96,"column":55},"end":{"line":105,"column":3}},"line":96}},"branchMap":{"0":{"loc":{"start":{"line":29,"column":4},"end":{"line":29,"column":55}},"type":"if","locations":[{"start":{"line":29,"column":4},"end":{"line":29,"column":55}},{"start":{},"end":{}}],"line":29},"1":{"loc":{"start":{"line":70,"column":2},"end":{"line":70,"column":42}},"type":"if","locations":[{"start":{"line":70,"column":2},"end":{"line":70,"column":42}},{"start":{},"end":{}}],"line":70},"2":{"loc":{"start":{"line":98,"column":4},"end":{"line":98,"column":45}},"type":"if","locations":[{"start":{"line":98,"column":4},"end":{"line":98,"column":45}},{"start":{},"end":{}}],"line":98},"3":{"loc":{"start":{"line":100,"column":4},"end":{"line":104,"column":5}},"type":"if","locations":[{"start":{"line":100,"column":4},"end":{"line":104,"column":5}},{"start":{"line":102,"column":11},"end":{"line":104,"column":5}}],"line":100}},"s":{"0":2,"1":2,"2":2,"3":2,"4":2,"5":0,"6":0,"7":0,"8":0,"9":0,"10":0,"11":0,"12":0,"13":0,"14":0,"15":0,"16":0,"17":0,"18":0,"19":0,"20":0,"21":0,"22":0,"23":0,"24":0,"25":0,"26":0,"27":0,"28":0,"29":0,"30":0,"31":0,"32":0,"33":0,"34":0,"35":0,"36":0,"37":0,"38":0,"39":0,"40":0},"f":{"0":0,"1":0,"2":0,"3":0,"4":0,"5":0,"6":0,"7":0,"8":0,"9":0},"b":{"0":[0,0],"1":[0,0],"2":[0,0],"3":[0,0]},"_coverageSchema":"1a1c01bbd47fc00a2c39e90264f33305004495a9","hash":"f8d9131791f1343d2dc3518dbb44418a58d842d1"}
,"/Users/aaayush/Desktop/generator/lib/generator.js": {"path":"/Users/aaayush/Desktop/generator/lib/generator.js","statementMap":{"0":{"start":{"line":1,"column":13},"end":{"line":1,"column":28}},"1":{"start":{"line":2,"column":11},"end":{"line":2,"column":24}},"2":{"start":{"line":3,"column":12},"end":{"line":3,"column":31}},"3":{"start":{"line":4,"column":18},"end":{"line":4,"column":38}},"4":{"start":{"line":5,"column":17},"end":{"line":5,"column":36}},"5":{"start":{"line":6,"column":19},"end":{"line":6,"column":40}},"6":{"start":{"line":7,"column":12},"end":{"line":7,"column":33}},"7":{"start":{"line":8,"column":12},"end":{"line":8,"column":31}},"8":{"start":{"line":9,"column":17},"end":{"line":9,"column":44}},"9":{"start":{"line":10,"column":31},"end":{"line":10,"column":71}},"10":{"start":{"line":12,"column":66},"end":{"line":12,"column":93}},"11":{"start":{"line":13,"column":46},"end":{"line":13,"column":76}},"12":{"start":{"line":14,"column":35},"end":{"line":14,"column":71}},"13":{"start":{"line":30,"column":4},"end":{"line":30,"column":22}},"14":{"start":{"line":31,"column":52},"end":{"line":31,"column":71}},"15":{"start":{"line":32,"column":28},"end":{"line":32,"column":56}},"16":{"start":{"line":33,"column":26},"end":{"line":33,"column":52}},"17":{"start":{"line":35,"column":24},"end":{"line":35,"column":33}},"18":{"start":{"line":36,"column":22},"end":{"line":36,"column":29}},"19":{"start":{"line":37,"column":24},"end":{"line":37,"column":38}},"20":{"start":{"line":38,"column":30},"end":{"line":38,"column":44}},"21":{"start":{"line":39,"column":28},"end":{"line":39,"column":42}},"22":{"start":{"line":40,"column":28},"end":{"line":40,"column":42}},"23":{"start":{"line":41,"column":17},"end":{"line":41,"column":46}},"24":{"start":{"line":42,"column":30},"end":{"line":42,"column":68}},"25":{"start":{"line":44,"column":37},"end":{"line":44,"column":51}},"26":{"start":{"line":45,"column":33},"end":{"line":45,"column":43}},"27":{"start":{"line":46,"column":26},"end":{"line":46,"column":197}},"28":{"start":{"line":47,"column":19},"end":{"line":47,"column":43}},"29":{"start":{"line":49,"column":25},"end":{"line":50,"column":40}},"30":{"start":{"line":50,"column":2},"end":{"line":50,"column":40}},"31":{"start":{"line":52,"column":24},"end":{"line":54,"column":42}},"32":{"start":{"line":53,"column":2},"end":{"line":54,"column":42}},"33":{"start":{"line":56,"column":0},"end":{"line":56,"column":20}},"34":{"start":{"line":57,"column":0},"end":{"line":57,"column":21}},"35":{"start":{"line":95,"column":20},"end":{"line":95,"column":51}},"36":{"start":{"line":96,"column":4},"end":{"line":96,"column":32}},"37":{"start":{"line":97,"column":4},"end":{"line":97,"column":79}},"38":{"start":{"line":97,"column":23},"end":{"line":97,"column":79}},"39":{"start":{"line":98,"column":4},"end":{"line":98,"column":94}},"40":{"start":{"line":98,"column":35},"end":{"line":98,"column":94}},"41":{"start":{"line":99,"column":4},"end":{"line":99,"column":130}},"42":{"start":{"line":99,"column":44},"end":{"line":99,"column":130}},"43":{"start":{"line":102,"column":4},"end":{"line":102,"column":29}},"44":{"start":{"line":104,"column":4},"end":{"line":104,"column":37}},"45":{"start":{"line":106,"column":4},"end":{"line":106,"column":31}},"46":{"start":{"line":108,"column":4},"end":{"line":108,"column":33}},"47":{"start":{"line":110,"column":4},"end":{"line":110,"column":51}},"48":{"start":{"line":112,"column":4},"end":{"line":112,"column":45}},"49":{"start":{"line":114,"column":4},"end":{"line":114,"column":25}},"50":{"start":{"line":116,"column":4},"end":{"line":116,"column":33}},"51":{"start":{"line":118,"column":4},"end":{"line":118,"column":23}},"52":{"start":{"line":120,"column":4},"end":{"line":120,"column":27}},"53":{"start":{"line":122,"column":4},"end":{"line":122,"column":29}},"54":{"start":{"line":124,"column":4},"end":{"line":124,"column":20}},"55":{"start":{"line":126,"column":4},"end":{"line":126,"column":49}},"56":{"start":{"line":130,"column":4},"end":{"line":130,"column":29}},"57":{"start":{"line":131,"column":4},"end":{"line":142,"column":7}},"58":{"start":{"line":132,"column":19},"end":{"line":132,"column":23}},"59":{"start":{"line":133,"column":6},"end":{"line":141,"column":9}},"60":{"start":{"line":136,"column":10},"end":{"line":138,"column":11}},"61":{"start":{"line":137,"column":12},"end":{"line":137,"column":202}},"62":{"start":{"line":139,"column":10},"end":{"line":139,"column":37}},"63":{"start":{"line":154,"column":4},"end":{"line":154,"column":47}},"64":{"start":{"line":154,"column":37},"end":{"line":154,"column":47}},"65":{"start":{"line":155,"column":27},"end":{"line":155,"column":99}},"66":{"start":{"line":155,"column":64},"end":{"line":155,"column":98}},"67":{"start":{"line":157,"column":4},"end":{"line":159,"column":5}},"68":{"start":{"line":158,"column":6},"end":{"line":158,"column":104}},"69":{"start":{"line":193,"column":4},"end":{"line":193,"column":52}},"70":{"start":{"line":194,"column":4},"end":{"line":194,"column":29}},"71":{"start":{"line":195,"column":4},"end":{"line":195,"column":23}},"72":{"start":{"line":197,"column":4},"end":{"line":197,"column":41}},"73":{"start":{"line":198,"column":4},"end":{"line":198,"column":55}},"74":{"start":{"line":199,"column":4},"end":{"line":199,"column":34}},"75":{"start":{"line":200,"column":4},"end":{"line":200,"column":34}},"76":{"start":{"line":211,"column":36},"end":{"line":211,"column":72}},"77":{"start":{"line":212,"column":33},"end":{"line":212,"column":89}},"78":{"start":{"line":214,"column":4},"end":{"line":216,"column":5}},"79":{"start":{"line":215,"column":6},"end":{"line":215,"column":121}},"80":{"start":{"line":218,"column":4},"end":{"line":218,"column":61}},"81":{"start":{"line":233,"column":4},"end":{"line":237,"column":5}},"82":{"start":{"line":234,"column":6},"end":{"line":234,"column":33}},"83":{"start":{"line":235,"column":11},"end":{"line":237,"column":5}},"84":{"start":{"line":236,"column":6},"end":{"line":236,"column":87}},"85":{"start":{"line":253,"column":4},"end":{"line":253,"column":35}},"86":{"start":{"line":256,"column":4},"end":{"line":258,"column":5}},"87":{"start":{"line":257,"column":6},"end":{"line":257,"column":49}},"88":{"start":{"line":269,"column":4},"end":{"line":269,"column":42}},"89":{"start":{"line":269,"column":20},"end":{"line":269,"column":42}},"90":{"start":{"line":284,"column":61},"end":{"line":284,"column":101}},"91":{"start":{"line":286,"column":4},"end":{"line":286,"column":39}},"92":{"start":{"line":287,"column":4},"end":{"line":287,"column":40}},"93":{"start":{"line":288,"column":4},"end":{"line":288,"column":87}},"94":{"start":{"line":290,"column":4},"end":{"line":290,"column":36}},"95":{"start":{"line":292,"column":4},"end":{"line":292,"column":48}},"96":{"start":{"line":310,"column":4},"end":{"line":310,"column":55}},"97":{"start":{"line":311,"column":4},"end":{"line":311,"column":84}},"98":{"start":{"line":312,"column":4},"end":{"line":312,"column":35}},"99":{"start":{"line":313,"column":4},"end":{"line":315,"column":5}},"100":{"start":{"line":314,"column":6},"end":{"line":314,"column":99}},"101":{"start":{"line":316,"column":4},"end":{"line":316,"column":90}},"102":{"start":{"line":317,"column":4},"end":{"line":317,"column":45}},"103":{"start":{"line":335,"column":4},"end":{"line":348,"column":5}},"104":{"start":{"line":336,"column":29},"end":{"line":336,"column":83}},"105":{"start":{"line":337,"column":6},"end":{"line":339,"column":7}},"106":{"start":{"line":338,"column":8},"end":{"line":338,"column":86}},"107":{"start":{"line":340,"column":6},"end":{"line":345,"column":7}},"108":{"start":{"line":341,"column":8},"end":{"line":341,"column":108}},"109":{"start":{"line":342,"column":8},"end":{"line":342,"column":48}},"110":{"start":{"line":343,"column":13},"end":{"line":345,"column":7}},"111":{"start":{"line":344,"column":8},"end":{"line":344,"column":62}},"112":{"start":{"line":347,"column":6},"end":{"line":347,"column":59}},"113":{"start":{"line":360,"column":4},"end":{"line":360,"column":44}},"114":{"start":{"line":367,"column":36},"end":{"line":367,"column":72}},"115":{"start":{"line":369,"column":4},"end":{"line":388,"column":5}},"116":{"start":{"line":370,"column":6},"end":{"line":370,"column":82}},"117":{"start":{"line":373,"column":40},"end":{"line":373,"column":89}},"118":{"start":{"line":374,"column":6},"end":{"line":387,"column":7}},"119":{"start":{"line":375,"column":20},"end":{"line":375,"column":100}},"120":{"start":{"line":376,"column":8},"end":{"line":376,"column":38}},"121":{"start":{"line":377,"column":8},"end":{"line":383,"column":9}},"122":{"start":{"line":378,"column":10},"end":{"line":382,"column":12}},"123":{"start":{"line":384,"column":8},"end":{"line":384,"column":18}},"124":{"start":{"line":386,"column":8},"end":{"line":386,"column":33}},"125":{"start":{"line":395,"column":4},"end":{"line":399,"column":5}},"126":{"start":{"line":396,"column":6},"end":{"line":396,"column":100}},"127":{"start":{"line":398,"column":6},"end":{"line":398,"column":70}},"128":{"start":{"line":442,"column":33},"end":{"line":442,"column":85}},"129":{"start":{"line":443,"column":4},"end":{"line":445,"column":5}},"130":{"start":{"line":444,"column":6},"end":{"line":444,"column":80}},"131":{"start":{"line":446,"column":4},"end":{"line":446,"column":55}},"132":{"start":{"line":472,"column":16},"end":{"line":472,"column":44}},"133":{"start":{"line":473,"column":4},"end":{"line":473,"column":53}},"134":{"start":{"line":499,"column":16},"end":{"line":499,"column":66}},"135":{"start":{"line":500,"column":4},"end":{"line":500,"column":54}},"136":{"start":{"line":521,"column":4},"end":{"line":521,"column":86}},"137":{"start":{"line":529,"column":22},"end":{"line":529,"column":42}},"138":{"start":{"line":530,"column":28},"end":{"line":530,"column":39}},"139":{"start":{"line":531,"column":29},"end":{"line":531,"column":46}},"140":{"start":{"line":533,"column":4},"end":{"line":533,"column":24}},"141":{"start":{"line":534,"column":4},"end":{"line":537,"column":5}},"142":{"start":{"line":535,"column":6},"end":{"line":535,"column":45}},"143":{"start":{"line":536,"column":6},"end":{"line":536,"column":37}},"144":{"start":{"line":540,"column":4},"end":{"line":546,"column":5}},"145":{"start":{"line":541,"column":6},"end":{"line":541,"column":56}},"146":{"start":{"line":542,"column":6},"end":{"line":542,"column":57}},"147":{"start":{"line":543,"column":11},"end":{"line":546,"column":5}},"148":{"start":{"line":544,"column":6},"end":{"line":544,"column":51}},"149":{"start":{"line":545,"column":6},"end":{"line":545,"column":56}},"150":{"start":{"line":550,"column":4},"end":{"line":550,"column":128}},"151":{"start":{"line":558,"column":4},"end":{"line":620,"column":7}},"152":{"start":{"line":559,"column":6},"end":{"line":579,"column":7}},"153":{"start":{"line":564,"column":8},"end":{"line":578,"column":9}},"154":{"start":{"line":565,"column":10},"end":{"line":565,"column":86}},"155":{"start":{"line":566,"column":10},"end":{"line":566,"column":57}},"156":{"start":{"line":567,"column":10},"end":{"line":567,"column":64}},"157":{"start":{"line":568,"column":10},"end":{"line":568,"column":56}},"158":{"start":{"line":569,"column":10},"end":{"line":569,"column":84}},"159":{"start":{"line":569,"column":30},"end":{"line":569,"column":84}},"160":{"start":{"line":571,"column":10},"end":{"line":574,"column":13}},"161":{"start":{"line":576,"column":10},"end":{"line":576,"column":69}},"162":{"start":{"line":581,"column":27},"end":{"line":581,"column":110}},"163":{"start":{"line":582,"column":6},"end":{"line":582,"column":67}},"164":{"start":{"line":584,"column":6},"end":{"line":584,"column":89}},"165":{"start":{"line":584,"column":47},"end":{"line":584,"column":89}},"166":{"start":{"line":586,"column":25},"end":{"line":589,"column":7}},"167":{"start":{"line":590,"column":6},"end":{"line":592,"column":7}},"168":{"start":{"line":591,"column":6},"end":{"line":591,"column":44}},"169":{"start":{"line":594,"column":18},"end":{"line":594,"column":42}},"170":{"start":{"line":596,"column":6},"end":{"line":619,"column":7}},"171":{"start":{"line":597,"column":30},"end":{"line":601,"column":10}},"172":{"start":{"line":603,"column":26},"end":{"line":603,"column":56}},"173":{"start":{"line":604,"column":8},"end":{"line":604,"column":150}},"174":{"start":{"line":604,"column":24},"end":{"line":604,"column":150}},"175":{"start":{"line":606,"column":28},"end":{"line":606,"column":45}},"176":{"start":{"line":607,"column":31},"end":{"line":607,"column":78}},"177":{"start":{"line":608,"column":28},"end":{"line":608,"column":72}},"178":{"start":{"line":610,"column":8},"end":{"line":610,"column":128}},"179":{"start":{"line":610,"column":50},"end":{"line":610,"column":128}},"180":{"start":{"line":611,"column":8},"end":{"line":611,"column":82}},"181":{"start":{"line":611,"column":28},"end":{"line":611,"column":82}},"182":{"start":{"line":613,"column":8},"end":{"line":616,"column":11}},"183":{"start":{"line":618,"column":8},"end":{"line":618,"column":20}},"184":{"start":{"line":630,"column":23},"end":{"line":630,"column":32}},"185":{"start":{"line":631,"column":4},"end":{"line":656,"column":5}},"186":{"start":{"line":632,"column":6},"end":{"line":636,"column":9}},"187":{"start":{"line":633,"column":8},"end":{"line":635,"column":11}},"188":{"start":{"line":634,"column":10},"end":{"line":634,"column":52}},"189":{"start":{"line":638,"column":6},"end":{"line":640,"column":9}},"190":{"start":{"line":639,"column":8},"end":{"line":639,"column":50}},"191":{"start":{"line":642,"column":6},"end":{"line":649,"column":7}},"192":{"start":{"line":643,"column":8},"end":{"line":648,"column":11}},"193":{"start":{"line":644,"column":26},"end":{"line":644,"column":63}},"194":{"start":{"line":645,"column":10},"end":{"line":647,"column":11}},"195":{"start":{"line":646,"column":12},"end":{"line":646,"column":39}},"196":{"start":{"line":651,"column":6},"end":{"line":655,"column":7}},"197":{"start":{"line":652,"column":8},"end":{"line":654,"column":9}},"198":{"start":{"line":653,"column":10},"end":{"line":653,"column":37}},"199":{"start":{"line":658,"column":4},"end":{"line":658,"column":22}},"200":{"start":{"line":669,"column":4},"end":{"line":699,"column":7}},"201":{"start":{"line":670,"column":6},"end":{"line":670,"column":37}},"202":{"start":{"line":672,"column":21},"end":{"line":674,"column":8}},"203":{"start":{"line":676,"column":6},"end":{"line":682,"column":9}},"204":{"start":{"line":677,"column":8},"end":{"line":681,"column":9}},"205":{"start":{"line":678,"column":10},"end":{"line":678,"column":81}},"206":{"start":{"line":680,"column":10},"end":{"line":680,"column":20}},"207":{"start":{"line":684,"column":6},"end":{"line":690,"column":9}},"208":{"start":{"line":685,"column":8},"end":{"line":689,"column":9}},"209":{"start":{"line":686,"column":10},"end":{"line":686,"column":52}},"210":{"start":{"line":688,"column":10},"end":{"line":688,"column":20}},"211":{"start":{"line":692,"column":6},"end":{"line":694,"column":9}},"212":{"start":{"line":693,"column":8},"end":{"line":693,"column":31}},"213":{"start":{"line":696,"column":6},"end":{"line":698,"column":9}},"214":{"start":{"line":697,"column":8},"end":{"line":697,"column":18}},"215":{"start":{"line":711,"column":24},"end":{"line":711,"column":94}},"216":{"start":{"line":712,"column":20},"end":{"line":712,"column":61}},"217":{"start":{"line":713,"column":4},"end":{"line":715,"column":5}},"218":{"start":{"line":714,"column":6},"end":{"line":714,"column":30}},"219":{"start":{"line":716,"column":4},"end":{"line":716,"column":11}},"220":{"start":{"line":730,"column":33},"end":{"line":730,"column":35}},"221":{"start":{"line":731,"column":4},"end":{"line":753,"column":5}},"222":{"start":{"line":732,"column":6},"end":{"line":740,"column":8}},"223":{"start":{"line":737,"column":98},"end":{"line":737,"column":124}},"224":{"start":{"line":742,"column":27},"end":{"line":742,"column":29}},"225":{"start":{"line":743,"column":6},"end":{"line":743,"column":136}},"226":{"start":{"line":743,"column":68},"end":{"line":743,"column":132}},"227":{"start":{"line":743,"column":100},"end":{"line":743,"column":132}},"228":{"start":{"line":744,"column":6},"end":{"line":752,"column":8}},"229":{"start":{"line":756,"column":23},"end":{"line":756,"column":28}},"230":{"start":{"line":757,"column":4},"end":{"line":766,"column":5}},"231":{"start":{"line":758,"column":6},"end":{"line":765,"column":7}},"232":{"start":{"line":759,"column":8},"end":{"line":759,"column":113}},"233":{"start":{"line":760,"column":33},"end":{"line":760,"column":103}},"234":{"start":{"line":761,"column":8},"end":{"line":761,"column":72}},"235":{"start":{"line":762,"column":8},"end":{"line":762,"column":28}},"236":{"start":{"line":764,"column":8},"end":{"line":764,"column":14}},"237":{"start":{"line":768,"column":4},"end":{"line":771,"column":5}},"238":{"start":{"line":769,"column":6},"end":{"line":769,"column":66}},"239":{"start":{"line":770,"column":6},"end":{"line":770,"column":13}},"240":{"start":{"line":786,"column":21},"end":{"line":786,"column":23}},"241":{"start":{"line":788,"column":4},"end":{"line":791,"column":7}},"242":{"start":{"line":789,"column":24},"end":{"line":789,"column":35}},"243":{"start":{"line":790,"column":6},"end":{"line":790,"column":111}},"244":{"start":{"line":793,"column":4},"end":{"line":793,"column":33}},"245":{"start":{"line":809,"column":28},"end":{"line":809,"column":75}},"246":{"start":{"line":811,"column":40},"end":{"line":811,"column":61}},"247":{"start":{"line":812,"column":19},"end":{"line":812,"column":23}},"248":{"start":{"line":813,"column":4},"end":{"line":819,"column":5}},"249":{"start":{"line":814,"column":33},"end":{"line":814,"column":115}},"250":{"start":{"line":816,"column":6},"end":{"line":816,"column":39}},"251":{"start":{"line":818,"column":6},"end":{"line":818,"column":76}},"252":{"start":{"line":821,"column":24},"end":{"line":821,"column":73}},"253":{"start":{"line":822,"column":23},"end":{"line":822,"column":81}},"254":{"start":{"line":823,"column":31},"end":{"line":823,"column":72}},"255":{"start":{"line":824,"column":32},"end":{"line":824,"column":76}},"256":{"start":{"line":825,"column":4},"end":{"line":825,"column":37}},"257":{"start":{"line":825,"column":30},"end":{"line":825,"column":37}},"258":{"start":{"line":827,"column":17},"end":{"line":827,"column":19}},"259":{"start":{"line":828,"column":16},"end":{"line":828,"column":95}},"260":{"start":{"line":829,"column":4},"end":{"line":829,"column":30}},"261":{"start":{"line":830,"column":4},"end":{"line":830,"column":26}},"262":{"start":{"line":831,"column":4},"end":{"line":831,"column":105}},"263":{"start":{"line":844,"column":26},"end":{"line":844,"column":102}},"264":{"start":{"line":845,"column":4},"end":{"line":851,"column":5}},"265":{"start":{"line":846,"column":6},"end":{"line":846,"column":13}},"266":{"start":{"line":847,"column":11},"end":{"line":851,"column":5}},"267":{"start":{"line":848,"column":6},"end":{"line":848,"column":64}},"268":{"start":{"line":850,"column":6},"end":{"line":850,"column":49}},"269":{"start":{"line":864,"column":23},"end":{"line":864,"column":54}},"270":{"start":{"line":865,"column":31},"end":{"line":865,"column":81}},"271":{"start":{"line":866,"column":23},"end":{"line":866,"column":99}},"272":{"start":{"line":867,"column":31},"end":{"line":867,"column":72}},"273":{"start":{"line":869,"column":4},"end":{"line":869,"column":53}},"274":{"start":{"line":869,"column":46},"end":{"line":869,"column":53}},"275":{"start":{"line":871,"column":32},"end":{"line":871,"column":76}},"276":{"start":{"line":872,"column":4},"end":{"line":872,"column":37}},"277":{"start":{"line":872,"column":30},"end":{"line":872,"column":37}},"278":{"start":{"line":874,"column":4},"end":{"line":890,"column":5}},"279":{"start":{"line":875,"column":21},"end":{"line":875,"column":102}},"280":{"start":{"line":876,"column":21},"end":{"line":881,"column":74}},"281":{"start":{"line":883,"column":6},"end":{"line":883,"column":165}},"282":{"start":{"line":883,"column":19},"end":{"line":883,"column":165}},"283":{"start":{"line":885,"column":6},"end":{"line":889,"column":7}},"284":{"start":{"line":886,"column":25},"end":{"line":886,"column":90}},"285":{"start":{"line":887,"column":22},"end":{"line":887,"column":38}},"286":{"start":{"line":888,"column":8},"end":{"line":888,"column":93}},"287":{"start":{"line":888,"column":20},"end":{"line":888,"column":93}},"288":{"start":{"line":892,"column":4},"end":{"line":892,"column":100}},"289":{"start":{"line":892,"column":54},"end":{"line":892,"column":100}},"290":{"start":{"line":893,"column":4},"end":{"line":893,"column":78}},"291":{"start":{"line":905,"column":4},"end":{"line":912,"column":5}},"292":{"start":{"line":907,"column":6},"end":{"line":907,"column":63}},"293":{"start":{"line":909,"column":6},"end":{"line":909,"column":63}},"294":{"start":{"line":911,"column":6},"end":{"line":911,"column":24}},"295":{"start":{"line":925,"column":4},"end":{"line":927,"column":5}},"296":{"start":{"line":926,"column":6},"end":{"line":926,"column":207}},"297":{"start":{"line":928,"column":27},"end":{"line":928,"column":59}},"298":{"start":{"line":929,"column":4},"end":{"line":929,"column":148}},"299":{"start":{"line":940,"column":31},"end":{"line":940,"column":75}},"300":{"start":{"line":941,"column":4},"end":{"line":941,"column":57}},"301":{"start":{"line":941,"column":44},"end":{"line":941,"column":57}},"302":{"start":{"line":942,"column":4},"end":{"line":942,"column":86}},"303":{"start":{"line":942,"column":43},"end":{"line":942,"column":71}},"304":{"start":{"line":942,"column":74},"end":{"line":942,"column":86}},"305":{"start":{"line":943,"column":4},"end":{"line":943,"column":81}},"306":{"start":{"line":943,"column":69},"end":{"line":943,"column":81}},"307":{"start":{"line":944,"column":4},"end":{"line":944,"column":17}},"308":{"start":{"line":955,"column":4},"end":{"line":955,"column":59}},"309":{"start":{"line":955,"column":47},"end":{"line":955,"column":59}},"310":{"start":{"line":956,"column":23},"end":{"line":956,"column":75}},"311":{"start":{"line":957,"column":4},"end":{"line":957,"column":33}},"312":{"start":{"line":957,"column":21},"end":{"line":957,"column":33}},"313":{"start":{"line":959,"column":4},"end":{"line":959,"column":80}},"314":{"start":{"line":959,"column":50},"end":{"line":959,"column":78}},"315":{"start":{"line":967,"column":4},"end":{"line":979,"column":5}},"316":{"start":{"line":968,"column":25},"end":{"line":968,"column":72}},"317":{"start":{"line":969,"column":6},"end":{"line":972,"column":7}},"318":{"start":{"line":970,"column":8},"end":{"line":970,"column":33}},"319":{"start":{"line":971,"column":8},"end":{"line":971,"column":15}},"320":{"start":{"line":974,"column":19},"end":{"line":974,"column":67}},"321":{"start":{"line":975,"column":28},"end":{"line":975,"column":54}},"322":{"start":{"line":976,"column":6},"end":{"line":976,"column":48}},"323":{"start":{"line":978,"column":6},"end":{"line":978,"column":31}},"324":{"start":{"line":980,"column":4},"end":{"line":980,"column":35}},"325":{"start":{"line":989,"column":23},"end":{"line":989,"column":53}},"326":{"start":{"line":990,"column":26},"end":{"line":990,"column":94}},"327":{"start":{"line":990,"column":70},"end":{"line":990,"column":93}},"328":{"start":{"line":992,"column":4},"end":{"line":999,"column":6}},"329":{"start":{"line":992,"column":31},"end":{"line":992,"column":68}},"330":{"start":{"line":993,"column":6},"end":{"line":998,"column":8}},"331":{"start":{"line":996,"column":10},"end":{"line":996,"column":40}},"332":{"start":{"line":1010,"column":24},"end":{"line":1010,"column":58}},"333":{"start":{"line":1011,"column":4},"end":{"line":1011,"column":39}},"334":{"start":{"line":1011,"column":32},"end":{"line":1011,"column":39}},"335":{"start":{"line":1012,"column":4},"end":{"line":1012,"column":75}},"336":{"start":{"line":1012,"column":43},"end":{"line":1012,"column":75}},"337":{"start":{"line":1014,"column":18},"end":{"line":1014,"column":38}},"338":{"start":{"line":1015,"column":4},"end":{"line":1015,"column":38}},"339":{"start":{"line":1015,"column":31},"end":{"line":1015,"column":38}},"340":{"start":{"line":1016,"column":21},"end":{"line":1020,"column":22}},"341":{"start":{"line":1017,"column":6},"end":{"line":1017,"column":45}},"342":{"start":{"line":1017,"column":38},"end":{"line":1017,"column":45}},"343":{"start":{"line":1018,"column":6},"end":{"line":1018,"column":52}},"344":{"start":{"line":1018,"column":45},"end":{"line":1018,"column":52}},"345":{"start":{"line":1019,"column":6},"end":{"line":1019,"column":45}},"346":{"start":{"line":1022,"column":4},"end":{"line":1022,"column":33}},"347":{"start":{"line":1032,"column":18},"end":{"line":1032,"column":38}},"348":{"start":{"line":1034,"column":4},"end":{"line":1036,"column":42}},"349":{"start":{"line":1036,"column":29},"end":{"line":1036,"column":42}},"350":{"start":{"line":1038,"column":24},"end":{"line":1038,"column":58}},"351":{"start":{"line":1039,"column":4},"end":{"line":1039,"column":75}},"352":{"start":{"line":1039,"column":43},"end":{"line":1039,"column":75}},"353":{"start":{"line":1041,"column":4},"end":{"line":1041,"column":71}},"354":{"start":{"line":1041,"column":31},"end":{"line":1041,"column":62}},"355":{"start":{"line":1050,"column":22},"end":{"line":1050,"column":50}},"356":{"start":{"line":1052,"column":4},"end":{"line":1077,"column":5}},"357":{"start":{"line":1054,"column":19},"end":{"line":1054,"column":63}},"358":{"start":{"line":1055,"column":22},"end":{"line":1055,"column":31}},"359":{"start":{"line":1058,"column":22},"end":{"line":1058,"column":46}},"360":{"start":{"line":1059,"column":6},"end":{"line":1062,"column":7}},"361":{"start":{"line":1060,"column":31},"end":{"line":1060,"column":65}},"362":{"start":{"line":1061,"column":8},"end":{"line":1061,"column":48}},"363":{"start":{"line":1061,"column":41},"end":{"line":1061,"column":48}},"364":{"start":{"line":1064,"column":24},"end":{"line":1064,"column":46}},"365":{"start":{"line":1066,"column":40},"end":{"line":1066,"column":72}},"366":{"start":{"line":1068,"column":26},"end":{"line":1068,"column":42}},"367":{"start":{"line":1069,"column":28},"end":{"line":1069,"column":46}},"368":{"start":{"line":1070,"column":38},"end":{"line":1070,"column":109}},"369":{"start":{"line":1070,"column":65},"end":{"line":1070,"column":94}},"370":{"start":{"line":1072,"column":6},"end":{"line":1072,"column":315}},"371":{"start":{"line":1072,"column":64},"end":{"line":1072,"column":315}},"372":{"start":{"line":1074,"column":25},"end":{"line":1074,"column":58}},"373":{"start":{"line":1076,"column":6},"end":{"line":1076,"column":226}},"374":{"start":{"line":1076,"column":23},"end":{"line":1076,"column":226}},"375":{"start":{"line":1081,"column":0},"end":{"line":1081,"column":56}},"376":{"start":{"line":1082,"column":0},"end":{"line":1082,"column":70}},"377":{"start":{"line":1084,"column":0},"end":{"line":1084,"column":27}}},"fnMap":{"0":{"name":"(anonymous_0)","decl":{"start":{"line":49,"column":25},"end":{"line":49,"column":26}},"loc":{"start":{"line":50,"column":2},"end":{"line":50,"column":40}},"line":50},"1":{"name":"(anonymous_1)","decl":{"start":{"line":52,"column":24},"end":{"line":52,"column":25}},"loc":{"start":{"line":53,"column":2},"end":{"line":54,"column":42}},"line":53},"2":{"name":"(anonymous_2)","decl":{"start":{"line":94,"column":2},"end":{"line":94,"column":3}},"loc":{"start":{"line":94,"column":220},"end":{"line":143,"column":3}},"line":94},"3":{"name":"(anonymous_3)","decl":{"start":{"line":131,"column":40},"end":{"line":131,"column":41}},"loc":{"start":{"line":131,"column":47},"end":{"line":142,"column":5}},"line":131},"4":{"name":"(anonymous_4)","decl":{"start":{"line":135,"column":8},"end":{"line":135,"column":9}},"loc":{"start":{"line":135,"column":14},"end":{"line":140,"column":9}},"line":135},"5":{"name":"(anonymous_5)","decl":{"start":{"line":153,"column":2},"end":{"line":153,"column":3}},"loc":{"start":{"line":153,"column":25},"end":{"line":160,"column":3}},"line":153},"6":{"name":"(anonymous_6)","decl":{"start":{"line":155,"column":55},"end":{"line":155,"column":56}},"loc":{"start":{"line":155,"column":64},"end":{"line":155,"column":98}},"line":155},"7":{"name":"(anonymous_7)","decl":{"start":{"line":192,"column":2},"end":{"line":192,"column":3}},"loc":{"start":{"line":192,"column":54},"end":{"line":201,"column":3}},"line":192},"8":{"name":"(anonymous_8)","decl":{"start":{"line":210,"column":2},"end":{"line":210,"column":3}},"loc":{"start":{"line":210,"column":45},"end":{"line":219,"column":3}},"line":210},"9":{"name":"(anonymous_9)","decl":{"start":{"line":232,"column":2},"end":{"line":232,"column":3}},"loc":{"start":{"line":232,"column":22},"end":{"line":238,"column":3}},"line":232},"10":{"name":"(anonymous_10)","decl":{"start":{"line":251,"column":2},"end":{"line":251,"column":3}},"loc":{"start":{"line":251,"column":24},"end":{"line":259,"column":3}},"line":251},"11":{"name":"(anonymous_11)","decl":{"start":{"line":268,"column":2},"end":{"line":268,"column":3}},"loc":{"start":{"line":268,"column":16},"end":{"line":270,"column":3}},"line":268},"12":{"name":"(anonymous_12)","decl":{"start":{"line":283,"column":2},"end":{"line":283,"column":3}},"loc":{"start":{"line":283,"column":34},"end":{"line":293,"column":3}},"line":283},"13":{"name":"(anonymous_13)","decl":{"start":{"line":308,"column":2},"end":{"line":308,"column":3}},"loc":{"start":{"line":308,"column":48},"end":{"line":318,"column":3}},"line":308},"14":{"name":"(anonymous_14)","decl":{"start":{"line":334,"column":2},"end":{"line":334,"column":3}},"loc":{"start":{"line":334,"column":27},"end":{"line":349,"column":3}},"line":334},"15":{"name":"(anonymous_15)","decl":{"start":{"line":359,"column":2},"end":{"line":359,"column":3}},"loc":{"start":{"line":359,"column":27},"end":{"line":361,"column":3}},"line":359},"16":{"name":"(anonymous_16)","decl":{"start":{"line":366,"column":2},"end":{"line":366,"column":3}},"loc":{"start":{"line":366,"column":56},"end":{"line":389,"column":3}},"line":366},"17":{"name":"(anonymous_17)","decl":{"start":{"line":394,"column":2},"end":{"line":394,"column":3}},"loc":{"start":{"line":394,"column":28},"end":{"line":400,"column":3}},"line":394},"18":{"name":"(anonymous_18)","decl":{"start":{"line":441,"column":2},"end":{"line":441,"column":3}},"loc":{"start":{"line":441,"column":62},"end":{"line":447,"column":3}},"line":441},"19":{"name":"(anonymous_19)","decl":{"start":{"line":471,"column":2},"end":{"line":471,"column":3}},"loc":{"start":{"line":471,"column":37},"end":{"line":474,"column":3}},"line":471},"20":{"name":"(anonymous_20)","decl":{"start":{"line":498,"column":2},"end":{"line":498,"column":3}},"loc":{"start":{"line":498,"column":39},"end":{"line":501,"column":3}},"line":498},"21":{"name":"(anonymous_21)","decl":{"start":{"line":520,"column":2},"end":{"line":520,"column":3}},"loc":{"start":{"line":520,"column":93},"end":{"line":522,"column":3}},"line":520},"22":{"name":"(anonymous_22)","decl":{"start":{"line":528,"column":2},"end":{"line":528,"column":3}},"loc":{"start":{"line":528,"column":35},"end":{"line":551,"column":3}},"line":528},"23":{"name":"(anonymous_23)","decl":{"start":{"line":557,"column":2},"end":{"line":557,"column":3}},"loc":{"start":{"line":557,"column":33},"end":{"line":621,"column":3}},"line":557},"24":{"name":"(anonymous_24)","decl":{"start":{"line":558,"column":23},"end":{"line":558,"column":24}},"loc":{"start":{"line":558,"column":50},"end":{"line":620,"column":5}},"line":558},"25":{"name":"(anonymous_25)","decl":{"start":{"line":629,"column":2},"end":{"line":629,"column":3}},"loc":{"start":{"line":629,"column":37},"end":{"line":659,"column":3}},"line":629},"26":{"name":"(anonymous_26)","decl":{"start":{"line":632,"column":48},"end":{"line":632,"column":49}},"loc":{"start":{"line":632,"column":59},"end":{"line":636,"column":7}},"line":632},"27":{"name":"(anonymous_27)","decl":{"start":{"line":633,"column":43},"end":{"line":633,"column":44}},"loc":{"start":{"line":633,"column":56},"end":{"line":635,"column":9}},"line":633},"28":{"name":"(anonymous_28)","decl":{"start":{"line":638,"column":70},"end":{"line":638,"column":71}},"loc":{"start":{"line":638,"column":83},"end":{"line":640,"column":7}},"line":638},"29":{"name":"(anonymous_29)","decl":{"start":{"line":643,"column":48},"end":{"line":643,"column":49}},"loc":{"start":{"line":643,"column":63},"end":{"line":648,"column":9}},"line":643},"30":{"name":"(anonymous_30)","decl":{"start":{"line":668,"column":2},"end":{"line":668,"column":3}},"loc":{"start":{"line":668,"column":47},"end":{"line":700,"column":3}},"line":668},"31":{"name":"(anonymous_31)","decl":{"start":{"line":669,"column":23},"end":{"line":669,"column":24}},"loc":{"start":{"line":669,"column":44},"end":{"line":699,"column":5}},"line":669},"32":{"name":"(anonymous_32)","decl":{"start":{"line":676,"column":24},"end":{"line":676,"column":25}},"loc":{"start":{"line":676,"column":53},"end":{"line":682,"column":7}},"line":676},"33":{"name":"(anonymous_33)","decl":{"start":{"line":684,"column":29},"end":{"line":684,"column":30}},"loc":{"start":{"line":684,"column":58},"end":{"line":690,"column":7}},"line":684},"34":{"name":"(anonymous_34)","decl":{"start":{"line":692,"column":26},"end":{"line":692,"column":27}},"loc":{"start":{"line":692,"column":52},"end":{"line":694,"column":7}},"line":692},"35":{"name":"(anonymous_35)","decl":{"start":{"line":696,"column":23},"end":{"line":696,"column":24}},"loc":{"start":{"line":696,"column":35},"end":{"line":698,"column":7}},"line":696},"36":{"name":"(anonymous_36)","decl":{"start":{"line":710,"column":2},"end":{"line":710,"column":3}},"loc":{"start":{"line":710,"column":39},"end":{"line":717,"column":3}},"line":710},"37":{"name":"(anonymous_37)","decl":{"start":{"line":729,"column":2},"end":{"line":729,"column":3}},"loc":{"start":{"line":729,"column":68},"end":{"line":772,"column":3}},"line":729},"38":{"name":"(anonymous_38)","decl":{"start":{"line":737,"column":88},"end":{"line":737,"column":89}},"loc":{"start":{"line":737,"column":98},"end":{"line":737,"column":124}},"line":737},"39":{"name":"(anonymous_39)","decl":{"start":{"line":743,"column":44},"end":{"line":743,"column":45}},"loc":{"start":{"line":743,"column":66},"end":{"line":743,"column":134}},"line":743},"40":{"name":"(anonymous_40)","decl":{"start":{"line":785,"column":2},"end":{"line":785,"column":3}},"loc":{"start":{"line":785,"column":78},"end":{"line":794,"column":3}},"line":785},"41":{"name":"(anonymous_41)","decl":{"start":{"line":788,"column":31},"end":{"line":788,"column":32}},"loc":{"start":{"line":788,"column":41},"end":{"line":791,"column":5}},"line":788},"42":{"name":"(anonymous_42)","decl":{"start":{"line":808,"column":2},"end":{"line":808,"column":3}},"loc":{"start":{"line":808,"column":93},"end":{"line":832,"column":3}},"line":808},"43":{"name":"(anonymous_43)","decl":{"start":{"line":843,"column":2},"end":{"line":843,"column":3}},"loc":{"start":{"line":843,"column":96},"end":{"line":852,"column":3}},"line":843},"44":{"name":"(anonymous_44)","decl":{"start":{"line":863,"column":2},"end":{"line":863,"column":3}},"loc":{"start":{"line":863,"column":58},"end":{"line":894,"column":3}},"line":863},"45":{"name":"(anonymous_45)","decl":{"start":{"line":904,"column":2},"end":{"line":904,"column":3}},"loc":{"start":{"line":904,"column":36},"end":{"line":913,"column":3}},"line":904},"46":{"name":"(anonymous_46)","decl":{"start":{"line":924,"column":2},"end":{"line":924,"column":3}},"loc":{"start":{"line":924,"column":71},"end":{"line":930,"column":3}},"line":924},"47":{"name":"(anonymous_47)","decl":{"start":{"line":939,"column":2},"end":{"line":939,"column":3}},"loc":{"start":{"line":939,"column":32},"end":{"line":945,"column":3}},"line":939},"48":{"name":"(anonymous_48)","decl":{"start":{"line":942,"column":32},"end":{"line":942,"column":33}},"loc":{"start":{"line":942,"column":43},"end":{"line":942,"column":71}},"line":942},"49":{"name":"(anonymous_49)","decl":{"start":{"line":954,"column":2},"end":{"line":954,"column":3}},"loc":{"start":{"line":954,"column":38},"end":{"line":960,"column":3}},"line":954},"50":{"name":"(anonymous_50)","decl":{"start":{"line":959,"column":39},"end":{"line":959,"column":40}},"loc":{"start":{"line":959,"column":50},"end":{"line":959,"column":78}},"line":959},"51":{"name":"(anonymous_51)","decl":{"start":{"line":966,"column":2},"end":{"line":966,"column":3}},"loc":{"start":{"line":966,"column":29},"end":{"line":981,"column":3}},"line":966},"52":{"name":"(anonymous_52)","decl":{"start":{"line":988,"column":2},"end":{"line":988,"column":3}},"loc":{"start":{"line":988,"column":28},"end":{"line":1000,"column":3}},"line":988},"53":{"name":"(anonymous_53)","decl":{"start":{"line":990,"column":63},"end":{"line":990,"column":64}},"loc":{"start":{"line":990,"column":70},"end":{"line":990,"column":93}},"line":990},"54":{"name":"(anonymous_54)","decl":{"start":{"line":992,"column":25},"end":{"line":992,"column":26}},"loc":{"start":{"line":992,"column":31},"end":{"line":992,"column":68}},"line":992},"55":{"name":"(anonymous_55)","decl":{"start":{"line":992,"column":78},"end":{"line":992,"column":79}},"loc":{"start":{"line":993,"column":6},"end":{"line":998,"column":8}},"line":993},"56":{"name":"(anonymous_56)","decl":{"start":{"line":995,"column":8},"end":{"line":995,"column":9}},"loc":{"start":{"line":995,"column":14},"end":{"line":997,"column":9}},"line":995},"57":{"name":"(anonymous_57)","decl":{"start":{"line":1009,"column":2},"end":{"line":1009,"column":3}},"loc":{"start":{"line":1009,"column":44},"end":{"line":1023,"column":3}},"line":1009},"58":{"name":"(anonymous_58)","decl":{"start":{"line":1016,"column":31},"end":{"line":1016,"column":32}},"loc":{"start":{"line":1016,"column":47},"end":{"line":1020,"column":5}},"line":1016},"59":{"name":"(anonymous_59)","decl":{"start":{"line":1031,"column":2},"end":{"line":1031,"column":3}},"loc":{"start":{"line":1031,"column":28},"end":{"line":1042,"column":3}},"line":1031},"60":{"name":"(anonymous_60)","decl":{"start":{"line":1041,"column":26},"end":{"line":1041,"column":27}},"loc":{"start":{"line":1041,"column":31},"end":{"line":1041,"column":62}},"line":1041},"61":{"name":"(anonymous_61)","decl":{"start":{"line":1049,"column":2},"end":{"line":1049,"column":3}},"loc":{"start":{"line":1049,"column":29},"end":{"line":1078,"column":3}},"line":1049},"62":{"name":"(anonymous_62)","decl":{"start":{"line":1070,"column":60},"end":{"line":1070,"column":61}},"loc":{"start":{"line":1070,"column":65},"end":{"line":1070,"column":94}},"line":1070}},"branchMap":{"0":{"loc":{"start":{"line":53,"column":2},"end":{"line":54,"column":42}},"type":"binary-expr","locations":[{"start":{"line":53,"column":2},"end":{"line":53,"column":20}},{"start":{"line":54,"column":5},"end":{"line":54,"column":42}}],"line":53},"1":{"loc":{"start":{"line":94,"column":39},"end":{"line":94,"column":218}},"type":"default-arg","locations":[{"start":{"line":94,"column":216},"end":{"line":94,"column":218}}],"line":94},"2":{"loc":{"start":{"line":94,"column":41},"end":{"line":94,"column":60}},"type":"default-arg","locations":[{"start":{"line":94,"column":58},"end":{"line":94,"column":60}}],"line":94},"3":{"loc":{"start":{"line":94,"column":107},"end":{"line":94,"column":120}},"type":"default-arg","locations":[{"start":{"line":94,"column":116},"end":{"line":94,"column":120}}],"line":94},"4":{"loc":{"start":{"line":94,"column":122},"end":{"line":94,"column":140}},"type":"default-arg","locations":[{"start":{"line":94,"column":135},"end":{"line":94,"column":140}}],"line":94},"5":{"loc":{"start":{"line":94,"column":142},"end":{"line":94,"column":157}},"type":"default-arg","locations":[{"start":{"line":94,"column":152},"end":{"line":94,"column":157}}],"line":94},"6":{"loc":{"start":{"line":94,"column":159},"end":{"line":94,"column":172}},"type":"default-arg","locations":[{"start":{"line":94,"column":167},"end":{"line":94,"column":172}}],"line":94},"7":{"loc":{"start":{"line":94,"column":174},"end":{"line":94,"column":197}},"type":"default-arg","locations":[{"start":{"line":94,"column":195},"end":{"line":94,"column":197}}],"line":94},"8":{"loc":{"start":{"line":94,"column":199},"end":{"line":94,"column":212}},"type":"default-arg","locations":[{"start":{"line":94,"column":210},"end":{"line":94,"column":212}}],"line":94},"9":{"loc":{"start":{"line":97,"column":4},"end":{"line":97,"column":79}},"type":"if","locations":[{"start":{"line":97,"column":4},"end":{"line":97,"column":79}},{"start":{},"end":{}}],"line":97},"10":{"loc":{"start":{"line":98,"column":4},"end":{"line":98,"column":94}},"type":"if","locations":[{"start":{"line":98,"column":4},"end":{"line":98,"column":94}},{"start":{},"end":{}}],"line":98},"11":{"loc":{"start":{"line":98,"column":8},"end":{"line":98,"column":33}},"type":"binary-expr","locations":[{"start":{"line":98,"column":8},"end":{"line":98,"column":19}},{"start":{"line":98,"column":23},"end":{"line":98,"column":33}}],"line":98},"12":{"loc":{"start":{"line":99,"column":4},"end":{"line":99,"column":130}},"type":"if","locations":[{"start":{"line":99,"column":4},"end":{"line":99,"column":130}},{"start":{},"end":{}}],"line":99},"13":{"loc":{"start":{"line":110,"column":28},"end":{"line":110,"column":50}},"type":"binary-expr","locations":[{"start":{"line":110,"column":28},"end":{"line":110,"column":44}},{"start":{"line":110,"column":48},"end":{"line":110,"column":50}}],"line":110},"14":{"loc":{"start":{"line":112,"column":25},"end":{"line":112,"column":44}},"type":"binary-expr","locations":[{"start":{"line":112,"column":25},"end":{"line":112,"column":38}},{"start":{"line":112,"column":42},"end":{"line":112,"column":44}}],"line":112},"15":{"loc":{"start":{"line":136,"column":10},"end":{"line":138,"column":11}},"type":"if","locations":[{"start":{"line":136,"column":10},"end":{"line":138,"column":11}},{"start":{},"end":{}}],"line":136},"16":{"loc":{"start":{"line":136,"column":14},"end":{"line":136,"column":85}},"type":"binary-expr","locations":[{"start":{"line":136,"column":14},"end":{"line":136,"column":45}},{"start":{"line":136,"column":49},"end":{"line":136,"column":85}}],"line":136},"17":{"loc":{"start":{"line":154,"column":4},"end":{"line":154,"column":47}},"type":"if","locations":[{"start":{"line":154,"column":4},"end":{"line":154,"column":47}},{"start":{},"end":{}}],"line":154},"18":{"loc":{"start":{"line":157,"column":4},"end":{"line":159,"column":5}},"type":"if","locations":[{"start":{"line":157,"column":4},"end":{"line":159,"column":5}},{"start":{},"end":{}}],"line":157},"19":{"loc":{"start":{"line":192,"column":35},"end":{"line":192,"column":52}},"type":"default-arg","locations":[{"start":{"line":192,"column":50},"end":{"line":192,"column":52}}],"line":192},"20":{"loc":{"start":{"line":212,"column":33},"end":{"line":212,"column":89}},"type":"binary-expr","locations":[{"start":{"line":212,"column":33},"end":{"line":212,"column":49}},{"start":{"line":212,"column":53},"end":{"line":212,"column":89}}],"line":212},"21":{"loc":{"start":{"line":214,"column":4},"end":{"line":216,"column":5}},"type":"if","locations":[{"start":{"line":214,"column":4},"end":{"line":216,"column":5}},{"start":{},"end":{}}],"line":214},"22":{"loc":{"start":{"line":214,"column":8},"end":{"line":214,"column":57}},"type":"binary-expr","locations":[{"start":{"line":214,"column":8},"end":{"line":214,"column":32}},{"start":{"line":214,"column":36},"end":{"line":214,"column":57}}],"line":214},"23":{"loc":{"start":{"line":233,"column":4},"end":{"line":237,"column":5}},"type":"if","locations":[{"start":{"line":233,"column":4},"end":{"line":237,"column":5}},{"start":{"line":235,"column":11},"end":{"line":237,"column":5}}],"line":233},"24":{"loc":{"start":{"line":235,"column":11},"end":{"line":237,"column":5}},"type":"if","locations":[{"start":{"line":235,"column":11},"end":{"line":237,"column":5}},{"start":{},"end":{}}],"line":235},"25":{"loc":{"start":{"line":235,"column":15},"end":{"line":235,"column":72}},"type":"binary-expr","locations":[{"start":{"line":235,"column":15},"end":{"line":235,"column":39}},{"start":{"line":235,"column":43},"end":{"line":235,"column":72}}],"line":235},"26":{"loc":{"start":{"line":256,"column":4},"end":{"line":258,"column":5}},"type":"if","locations":[{"start":{"line":256,"column":4},"end":{"line":258,"column":5}},{"start":{},"end":{}}],"line":256},"27":{"loc":{"start":{"line":269,"column":4},"end":{"line":269,"column":42}},"type":"if","locations":[{"start":{"line":269,"column":4},"end":{"line":269,"column":42}},{"start":{},"end":{}}],"line":269},"28":{"loc":{"start":{"line":313,"column":4},"end":{"line":315,"column":5}},"type":"if","locations":[{"start":{"line":313,"column":4},"end":{"line":315,"column":5}},{"start":{},"end":{}}],"line":313},"29":{"loc":{"start":{"line":335,"column":4},"end":{"line":348,"column":5}},"type":"if","locations":[{"start":{"line":335,"column":4},"end":{"line":348,"column":5}},{"start":{"line":346,"column":11},"end":{"line":348,"column":5}}],"line":335},"30":{"loc":{"start":{"line":337,"column":6},"end":{"line":339,"column":7}},"type":"if","locations":[{"start":{"line":337,"column":6},"end":{"line":339,"column":7}},{"start":{},"end":{}}],"line":337},"31":{"loc":{"start":{"line":340,"column":6},"end":{"line":345,"column":7}},"type":"if","locations":[{"start":{"line":340,"column":6},"end":{"line":345,"column":7}},{"start":{"line":343,"column":13},"end":{"line":345,"column":7}}],"line":340},"32":{"loc":{"start":{"line":343,"column":13},"end":{"line":345,"column":7}},"type":"if","locations":[{"start":{"line":343,"column":13},"end":{"line":345,"column":7}},{"start":{},"end":{}}],"line":343},"33":{"loc":{"start":{"line":366,"column":37},"end":{"line":366,"column":54}},"type":"default-arg","locations":[{"start":{"line":366,"column":52},"end":{"line":366,"column":54}}],"line":366},"34":{"loc":{"start":{"line":369,"column":4},"end":{"line":388,"column":5}},"type":"if","locations":[{"start":{"line":369,"column":4},"end":{"line":388,"column":5}},{"start":{"line":371,"column":11},"end":{"line":388,"column":5}}],"line":369},"35":{"loc":{"start":{"line":374,"column":6},"end":{"line":387,"column":7}},"type":"if","locations":[{"start":{"line":374,"column":6},"end":{"line":387,"column":7}},{"start":{"line":385,"column":13},"end":{"line":387,"column":7}}],"line":374},"36":{"loc":{"start":{"line":395,"column":4},"end":{"line":399,"column":5}},"type":"if","locations":[{"start":{"line":395,"column":4},"end":{"line":399,"column":5}},{"start":{"line":397,"column":11},"end":{"line":399,"column":5}}],"line":395},"37":{"loc":{"start":{"line":441,"column":43},"end":{"line":441,"column":60}},"type":"default-arg","locations":[{"start":{"line":441,"column":58},"end":{"line":441,"column":60}}],"line":441},"38":{"loc":{"start":{"line":442,"column":33},"end":{"line":442,"column":85}},"type":"binary-expr","locations":[{"start":{"line":442,"column":33},"end":{"line":442,"column":47}},{"start":{"line":442,"column":51},"end":{"line":442,"column":85}}],"line":442},"39":{"loc":{"start":{"line":443,"column":4},"end":{"line":445,"column":5}},"type":"if","locations":[{"start":{"line":443,"column":4},"end":{"line":445,"column":5}},{"start":{},"end":{}}],"line":443},"40":{"loc":{"start":{"line":520,"column":55},"end":{"line":520,"column":91}},"type":"default-arg","locations":[{"start":{"line":520,"column":70},"end":{"line":520,"column":91}}],"line":520},"41":{"loc":{"start":{"line":534,"column":4},"end":{"line":537,"column":5}},"type":"if","locations":[{"start":{"line":534,"column":4},"end":{"line":537,"column":5}},{"start":{},"end":{}}],"line":534},"42":{"loc":{"start":{"line":540,"column":4},"end":{"line":546,"column":5}},"type":"if","locations":[{"start":{"line":540,"column":4},"end":{"line":546,"column":5}},{"start":{"line":543,"column":11},"end":{"line":546,"column":5}}],"line":540},"43":{"loc":{"start":{"line":543,"column":11},"end":{"line":546,"column":5}},"type":"if","locations":[{"start":{"line":543,"column":11},"end":{"line":546,"column":5}},{"start":{},"end":{}}],"line":543},"44":{"loc":{"start":{"line":557,"column":18},"end":{"line":557,"column":31}},"type":"default-arg","locations":[{"start":{"line":557,"column":26},"end":{"line":557,"column":31}}],"line":557},"45":{"loc":{"start":{"line":559,"column":6},"end":{"line":579,"column":7}},"type":"if","locations":[{"start":{"line":559,"column":6},"end":{"line":579,"column":7}},{"start":{},"end":{}}],"line":559},"46":{"loc":{"start":{"line":566,"column":20},"end":{"line":566,"column":56}},"type":"binary-expr","locations":[{"start":{"line":566,"column":20},"end":{"line":566,"column":32}},{"start":{"line":566,"column":36},"end":{"line":566,"column":56}}],"line":566},"47":{"loc":{"start":{"line":567,"column":27},"end":{"line":567,"column":63}},"type":"binary-expr","locations":[{"start":{"line":567,"column":27},"end":{"line":567,"column":39}},{"start":{"line":567,"column":43},"end":{"line":567,"column":63}}],"line":567},"48":{"loc":{"start":{"line":569,"column":10},"end":{"line":569,"column":84}},"type":"if","locations":[{"start":{"line":569,"column":10},"end":{"line":569,"column":84}},{"start":{},"end":{}}],"line":569},"49":{"loc":{"start":{"line":581,"column":27},"end":{"line":581,"column":110}},"type":"cond-expr","locations":[{"start":{"line":581,"column":35},"end":{"line":581,"column":71}},{"start":{"line":581,"column":74},"end":{"line":581,"column":110}}],"line":581},"50":{"loc":{"start":{"line":584,"column":6},"end":{"line":584,"column":89}},"type":"if","locations":[{"start":{"line":584,"column":6},"end":{"line":584,"column":89}},{"start":{},"end":{}}],"line":584},"51":{"loc":{"start":{"line":590,"column":6},"end":{"line":592,"column":7}},"type":"if","locations":[{"start":{"line":590,"column":6},"end":{"line":592,"column":7}},{"start":{},"end":{}}],"line":590},"52":{"loc":{"start":{"line":604,"column":8},"end":{"line":604,"column":150}},"type":"if","locations":[{"start":{"line":604,"column":8},"end":{"line":604,"column":150}},{"start":{},"end":{}}],"line":604},"53":{"loc":{"start":{"line":610,"column":8},"end":{"line":610,"column":128}},"type":"if","locations":[{"start":{"line":610,"column":8},"end":{"line":610,"column":128}},{"start":{},"end":{}}],"line":610},"54":{"loc":{"start":{"line":611,"column":8},"end":{"line":611,"column":82}},"type":"if","locations":[{"start":{"line":611,"column":8},"end":{"line":611,"column":82}},{"start":{},"end":{}}],"line":611},"55":{"loc":{"start":{"line":631,"column":4},"end":{"line":656,"column":5}},"type":"if","locations":[{"start":{"line":631,"column":4},"end":{"line":656,"column":5}},{"start":{"line":641,"column":11},"end":{"line":656,"column":5}}],"line":631},"56":{"loc":{"start":{"line":642,"column":6},"end":{"line":649,"column":7}},"type":"if","locations":[{"start":{"line":642,"column":6},"end":{"line":649,"column":7}},{"start":{},"end":{}}],"line":642},"57":{"loc":{"start":{"line":651,"column":6},"end":{"line":655,"column":7}},"type":"if","locations":[{"start":{"line":651,"column":6},"end":{"line":655,"column":7}},{"start":{},"end":{}}],"line":651},"58":{"loc":{"start":{"line":713,"column":4},"end":{"line":715,"column":5}},"type":"if","locations":[{"start":{"line":713,"column":4},"end":{"line":715,"column":5}},{"start":{},"end":{}}],"line":713},"59":{"loc":{"start":{"line":731,"column":4},"end":{"line":753,"column":5}},"type":"if","locations":[{"start":{"line":731,"column":4},"end":{"line":753,"column":5}},{"start":{"line":741,"column":11},"end":{"line":753,"column":5}}],"line":731},"60":{"loc":{"start":{"line":743,"column":68},"end":{"line":743,"column":132}},"type":"if","locations":[{"start":{"line":743,"column":68},"end":{"line":743,"column":132}},{"start":{},"end":{}}],"line":743},"61":{"loc":{"start":{"line":747,"column":24},"end":{"line":747,"column":108}},"type":"cond-expr","locations":[{"start":{"line":747,"column":56},"end":{"line":747,"column":103}},{"start":{"line":747,"column":106},"end":{"line":747,"column":108}}],"line":747},"62":{"loc":{"start":{"line":748,"column":16},"end":{"line":748,"column":92}},"type":"cond-expr","locations":[{"start":{"line":748,"column":48},"end":{"line":748,"column":87}},{"start":{"line":748,"column":90},"end":{"line":748,"column":92}}],"line":748},"63":{"loc":{"start":{"line":758,"column":6},"end":{"line":765,"column":7}},"type":"if","locations":[{"start":{"line":758,"column":6},"end":{"line":765,"column":7}},{"start":{},"end":{}}],"line":758},"64":{"loc":{"start":{"line":758,"column":10},"end":{"line":758,"column":114}},"type":"binary-expr","locations":[{"start":{"line":758,"column":10},"end":{"line":758,"column":76}},{"start":{"line":758,"column":80},"end":{"line":758,"column":114}}],"line":758},"65":{"loc":{"start":{"line":768,"column":4},"end":{"line":771,"column":5}},"type":"if","locations":[{"start":{"line":768,"column":4},"end":{"line":771,"column":5}},{"start":{},"end":{}}],"line":768},"66":{"loc":{"start":{"line":813,"column":4},"end":{"line":819,"column":5}},"type":"if","locations":[{"start":{"line":813,"column":4},"end":{"line":819,"column":5}},{"start":{"line":817,"column":11},"end":{"line":819,"column":5}}],"line":813},"67":{"loc":{"start":{"line":825,"column":4},"end":{"line":825,"column":37}},"type":"if","locations":[{"start":{"line":825,"column":4},"end":{"line":825,"column":37}},{"start":{},"end":{}}],"line":825},"68":{"loc":{"start":{"line":828,"column":16},"end":{"line":828,"column":95}},"type":"cond-expr","locations":[{"start":{"line":828,"column":76},"end":{"line":828,"column":84}},{"start":{"line":828,"column":87},"end":{"line":828,"column":95}}],"line":828},"69":{"loc":{"start":{"line":828,"column":16},"end":{"line":828,"column":73}},"type":"binary-expr","locations":[{"start":{"line":828,"column":16},"end":{"line":828,"column":42}},{"start":{"line":828,"column":46},"end":{"line":828,"column":73}}],"line":828},"70":{"loc":{"start":{"line":845,"column":4},"end":{"line":851,"column":5}},"type":"if","locations":[{"start":{"line":845,"column":4},"end":{"line":851,"column":5}},{"start":{"line":847,"column":11},"end":{"line":851,"column":5}}],"line":845},"71":{"loc":{"start":{"line":847,"column":11},"end":{"line":851,"column":5}},"type":"if","locations":[{"start":{"line":847,"column":11},"end":{"line":851,"column":5}},{"start":{"line":849,"column":11},"end":{"line":851,"column":5}}],"line":847},"72":{"loc":{"start":{"line":869,"column":4},"end":{"line":869,"column":53}},"type":"if","locations":[{"start":{"line":869,"column":4},"end":{"line":869,"column":53}},{"start":{},"end":{}}],"line":869},"73":{"loc":{"start":{"line":872,"column":4},"end":{"line":872,"column":37}},"type":"if","locations":[{"start":{"line":872,"column":4},"end":{"line":872,"column":37}},{"start":{},"end":{}}],"line":872},"74":{"loc":{"start":{"line":874,"column":4},"end":{"line":890,"column":5}},"type":"if","locations":[{"start":{"line":874,"column":4},"end":{"line":890,"column":5}},{"start":{},"end":{}}],"line":874},"75":{"loc":{"start":{"line":874,"column":8},"end":{"line":874,"column":104}},"type":"binary-expr","locations":[{"start":{"line":874,"column":8},"end":{"line":874,"column":44}},{"start":{"line":874,"column":48},"end":{"line":874,"column":104}}],"line":874},"76":{"loc":{"start":{"line":875,"column":21},"end":{"line":875,"column":102}},"type":"binary-expr","locations":[{"start":{"line":875,"column":21},"end":{"line":875,"column":47}},{"start":{"line":875,"column":51},"end":{"line":875,"column":102}}],"line":875},"77":{"loc":{"start":{"line":879,"column":18},"end":{"line":879,"column":52}},"type":"cond-expr","locations":[{"start":{"line":879,"column":27},"end":{"line":879,"column":40}},{"start":{"line":879,"column":43},"end":{"line":879,"column":52}}],"line":879},"78":{"loc":{"start":{"line":883,"column":6},"end":{"line":883,"column":165}},"type":"if","locations":[{"start":{"line":883,"column":6},"end":{"line":883,"column":165}},{"start":{},"end":{}}],"line":883},"79":{"loc":{"start":{"line":885,"column":6},"end":{"line":889,"column":7}},"type":"if","locations":[{"start":{"line":885,"column":6},"end":{"line":889,"column":7}},{"start":{},"end":{}}],"line":885},"80":{"loc":{"start":{"line":888,"column":8},"end":{"line":888,"column":93}},"type":"if","locations":[{"start":{"line":888,"column":8},"end":{"line":888,"column":93}},{"start":{},"end":{}}],"line":888},"81":{"loc":{"start":{"line":892,"column":4},"end":{"line":892,"column":100}},"type":"if","locations":[{"start":{"line":892,"column":4},"end":{"line":892,"column":100}},{"start":{},"end":{}}],"line":892},"82":{"loc":{"start":{"line":905,"column":4},"end":{"line":912,"column":5}},"type":"switch","locations":[{"start":{"line":906,"column":4},"end":{"line":907,"column":63}},{"start":{"line":908,"column":4},"end":{"line":909,"column":63}},{"start":{"line":910,"column":4},"end":{"line":911,"column":24}}],"line":905},"83":{"loc":{"start":{"line":924,"column":47},"end":{"line":924,"column":69}},"type":"default-arg","locations":[{"start":{"line":924,"column":67},"end":{"line":924,"column":69}}],"line":924},"84":{"loc":{"start":{"line":925,"column":4},"end":{"line":927,"column":5}},"type":"if","locations":[{"start":{"line":925,"column":4},"end":{"line":927,"column":5}},{"start":{},"end":{}}],"line":925},"85":{"loc":{"start":{"line":940,"column":31},"end":{"line":940,"column":75}},"type":"binary-expr","locations":[{"start":{"line":940,"column":31},"end":{"line":940,"column":69}},{"start":{"line":940,"column":73},"end":{"line":940,"column":75}}],"line":940},"86":{"loc":{"start":{"line":941,"column":4},"end":{"line":941,"column":57}},"type":"if","locations":[{"start":{"line":941,"column":4},"end":{"line":941,"column":57}},{"start":{},"end":{}}],"line":941},"87":{"loc":{"start":{"line":942,"column":4},"end":{"line":942,"column":86}},"type":"if","locations":[{"start":{"line":942,"column":4},"end":{"line":942,"column":86}},{"start":{},"end":{}}],"line":942},"88":{"loc":{"start":{"line":943,"column":4},"end":{"line":943,"column":81}},"type":"if","locations":[{"start":{"line":943,"column":4},"end":{"line":943,"column":81}},{"start":{},"end":{}}],"line":943},"89":{"loc":{"start":{"line":943,"column":8},"end":{"line":943,"column":67}},"type":"binary-expr","locations":[{"start":{"line":943,"column":8},"end":{"line":943,"column":44}},{"start":{"line":943,"column":48},"end":{"line":943,"column":67}}],"line":943},"90":{"loc":{"start":{"line":955,"column":4},"end":{"line":955,"column":59}},"type":"if","locations":[{"start":{"line":955,"column":4},"end":{"line":955,"column":59}},{"start":{},"end":{}}],"line":955},"91":{"loc":{"start":{"line":957,"column":4},"end":{"line":957,"column":33}},"type":"if","locations":[{"start":{"line":957,"column":4},"end":{"line":957,"column":33}},{"start":{},"end":{}}],"line":957},"92":{"loc":{"start":{"line":969,"column":6},"end":{"line":972,"column":7}},"type":"if","locations":[{"start":{"line":969,"column":6},"end":{"line":972,"column":7}},{"start":{},"end":{}}],"line":969},"93":{"loc":{"start":{"line":976,"column":28},"end":{"line":976,"column":47}},"type":"binary-expr","locations":[{"start":{"line":976,"column":28},"end":{"line":976,"column":41}},{"start":{"line":976,"column":45},"end":{"line":976,"column":47}}],"line":976},"94":{"loc":{"start":{"line":990,"column":38},"end":{"line":990,"column":54}},"type":"binary-expr","locations":[{"start":{"line":990,"column":38},"end":{"line":990,"column":48}},{"start":{"line":990,"column":52},"end":{"line":990,"column":54}}],"line":990},"95":{"loc":{"start":{"line":1010,"column":24},"end":{"line":1010,"column":58}},"type":"binary-expr","locations":[{"start":{"line":1010,"column":24},"end":{"line":1010,"column":52}},{"start":{"line":1010,"column":56},"end":{"line":1010,"column":58}}],"line":1010},"96":{"loc":{"start":{"line":1011,"column":4},"end":{"line":1011,"column":39}},"type":"if","locations":[{"start":{"line":1011,"column":4},"end":{"line":1011,"column":39}},{"start":{},"end":{}}],"line":1011},"97":{"loc":{"start":{"line":1012,"column":4},"end":{"line":1012,"column":75}},"type":"if","locations":[{"start":{"line":1012,"column":4},"end":{"line":1012,"column":75}},{"start":{},"end":{}}],"line":1012},"98":{"loc":{"start":{"line":1015,"column":4},"end":{"line":1015,"column":38}},"type":"if","locations":[{"start":{"line":1015,"column":4},"end":{"line":1015,"column":38}},{"start":{},"end":{}}],"line":1015},"99":{"loc":{"start":{"line":1017,"column":6},"end":{"line":1017,"column":45}},"type":"if","locations":[{"start":{"line":1017,"column":6},"end":{"line":1017,"column":45}},{"start":{},"end":{}}],"line":1017},"100":{"loc":{"start":{"line":1018,"column":6},"end":{"line":1018,"column":52}},"type":"if","locations":[{"start":{"line":1018,"column":6},"end":{"line":1018,"column":52}},{"start":{},"end":{}}],"line":1018},"101":{"loc":{"start":{"line":1034,"column":4},"end":{"line":1036,"column":42}},"type":"if","locations":[{"start":{"line":1034,"column":4},"end":{"line":1036,"column":42}},{"start":{},"end":{}}],"line":1034},"102":{"loc":{"start":{"line":1034,"column":8},"end":{"line":1036,"column":27}},"type":"binary-expr","locations":[{"start":{"line":1034,"column":8},"end":{"line":1034,"column":45}},{"start":{"line":1035,"column":9},"end":{"line":1035,"column":30}},{"start":{"line":1036,"column":9},"end":{"line":1036,"column":27}}],"line":1034},"103":{"loc":{"start":{"line":1038,"column":24},"end":{"line":1038,"column":58}},"type":"binary-expr","locations":[{"start":{"line":1038,"column":24},"end":{"line":1038,"column":52}},{"start":{"line":1038,"column":56},"end":{"line":1038,"column":58}}],"line":1038},"104":{"loc":{"start":{"line":1039,"column":4},"end":{"line":1039,"column":75}},"type":"if","locations":[{"start":{"line":1039,"column":4},"end":{"line":1039,"column":75}},{"start":{},"end":{}}],"line":1039},"105":{"loc":{"start":{"line":1052,"column":4},"end":{"line":1077,"column":5}},"type":"if","locations":[{"start":{"line":1052,"column":4},"end":{"line":1077,"column":5}},{"start":{"line":1073,"column":11},"end":{"line":1077,"column":5}}],"line":1052},"106":{"loc":{"start":{"line":1059,"column":6},"end":{"line":1062,"column":7}},"type":"if","locations":[{"start":{"line":1059,"column":6},"end":{"line":1062,"column":7}},{"start":{},"end":{}}],"line":1059},"107":{"loc":{"start":{"line":1061,"column":8},"end":{"line":1061,"column":48}},"type":"if","locations":[{"start":{"line":1061,"column":8},"end":{"line":1061,"column":48}},{"start":{},"end":{}}],"line":1061},"108":{"loc":{"start":{"line":1072,"column":6},"end":{"line":1072,"column":315}},"type":"if","locations":[{"start":{"line":1072,"column":6},"end":{"line":1072,"column":315}},{"start":{},"end":{}}],"line":1072},"109":{"loc":{"start":{"line":1072,"column":10},"end":{"line":1072,"column":62}},"type":"binary-expr","locations":[{"start":{"line":1072,"column":10},"end":{"line":1072,"column":33}},{"start":{"line":1072,"column":37},"end":{"line":1072,"column":62}}],"line":1072},"110":{"loc":{"start":{"line":1076,"column":6},"end":{"line":1076,"column":226}},"type":"if","locations":[{"start":{"line":1076,"column":6},"end":{"line":1076,"column":226}},{"start":{},"end":{}}],"line":1076}},"s":{"0":2,"1":2,"2":2,"3":2,"4":2,"5":2,"6":2,"7":2,"8":2,"9":2,"10":2,"11":2,"12":2,"13":2,"14":2,"15":2,"16":2,"17":2,"18":2,"19":2,"20":2,"21":2,"22":2,"23":2,"24":2,"25":2,"26":2,"27":2,"28":2,"29":2,"30":0,"31":2,"32":0,"33":2,"34":2,"35":40,"36":40,"37":37,"38":1,"39":36,"40":1,"41":35,"42":1,"43":34,"44":34,"45":34,"46":34,"47":34,"48":34,"49":34,"50":34,"51":34,"52":34,"53":34,"54":34,"55":34,"56":34,"57":34,"58":4,"59":4,"60":5,"61":1,"62":4,"63":40,"64":20,"65":20,"66":41,"67":20,"68":3,"69":7,"70":6,"71":6,"72":6,"73":6,"74":6,"75":6,"76":7,"77":7,"78":7,"79":1,"80":6,"81":6,"82":6,"83":0,"84":0,"85":6,"86":6,"87":4,"88":6,"89":0,"90":6,"91":6,"92":6,"93":6,"94":6,"95":6,"96":6,"97":6,"98":6,"99":6,"100":6,"101":6,"102":6,"103":6,"104":1,"105":1,"106":0,"107":1,"108":1,"109":1,"110":0,"111":0,"112":5,"113":6,"114":6,"115":6,"116":5,"117":1,"118":1,"119":0,"120":0,"121":0,"122":0,"123":0,"124":1,"125":0,"126":0,"127":0,"128":3,"129":3,"130":2,"131":1,"132":1,"133":1,"134":1,"135":1,"136":2,"137":6,"138":6,"139":6,"140":6,"141":6,"142":1,"143":1,"144":6,"145":0,"146":0,"147":6,"148":0,"149":0,"150":6,"151":8,"152":8,"153":5,"154":5,"155":5,"156":5,"157":5,"158":5,"159":0,"160":5,"161":3,"162":6,"163":6,"164":6,"165":0,"166":6,"167":6,"168":6,"169":6,"170":6,"171":6,"172":6,"173":6,"174":0,"175":6,"176":6,"177":6,"178":6,"179":6,"180":6,"181":0,"182":6,"183":0,"184":0,"185":0,"186":0,"187":0,"188":0,"189":0,"190":0,"191":0,"192":0,"193":0,"194":0,"195":0,"196":0,"197":0,"198":0,"199":0,"200":0,"201":0,"202":0,"203":0,"204":0,"205":0,"206":0,"207":0,"208":0,"209":0,"210":0,"211":0,"212":0,"213":0,"214":0,"215":0,"216":0,"217":0,"218":0,"219":0,"220":0,"221":0,"222":0,"223":0,"224":0,"225":0,"226":0,"227":0,"228":0,"229":0,"230":0,"231":0,"232":0,"233":0,"234":0,"235":0,"236":0,"237":0,"238":0,"239":0,"240":0,"241":0,"242":0,"243":0,"244":0,"245":0,"246":0,"247":0,"248":0,"249":0,"250":0,"251":0,"252":0,"253":0,"254":0,"255":0,"256":0,"257":0,"258":0,"259":0,"260":0,"261":0,"262":0,"263":0,"264":0,"265":0,"266":0,"267":0,"268":0,"269":0,"270":0,"271":0,"272":0,"273":0,"274":0,"275":0,"276":0,"277":0,"278":0,"279":0,"280":0,"281":0,"282":0,"283":0,"284":0,"285":0,"286":0,"287":0,"288":0,"289":0,"290":0,"291":0,"292":0,"293":0,"294":0,"295":0,"296":0,"297":0,"298":0,"299":0,"300":0,"301":0,"302":0,"303":0,"304":0,"305":0,"306":0,"307":0,"308":0,"309":0,"310":0,"311":0,"312":0,"313":0,"314":0,"315":0,"316":0,"317":0,"318":0,"319":0,"320":0,"321":0,"322":0,"323":0,"324":0,"325":3,"326":3,"327":6,"328":3,"329":1,"330":1,"331":1,"332":4,"333":4,"334":1,"335":3,"336":1,"337":3,"338":3,"339":0,"340":3,"341":8,"342":0,"343":8,"344":3,"345":5,"346":3,"347":8,"348":8,"349":3,"350":5,"351":5,"352":2,"353":5,"354":8,"355":0,"356":0,"357":0,"358":0,"359":0,"360":0,"361":0,"362":0,"363":0,"364":0,"365":0,"366":0,"367":0,"368":0,"369":0,"370":0,"371":0,"372":0,"373":0,"374":0,"375":2,"376":2,"377":2},"f":{"0":0,"1":0,"2":40,"3":4,"4":5,"5":40,"6":41,"7":7,"8":7,"9":6,"10":6,"11":6,"12":6,"13":6,"14":6,"15":6,"16":6,"17":0,"18":3,"19":1,"20":1,"21":2,"22":6,"23":8,"24":8,"25":0,"26":0,"27":0,"28":0,"29":0,"30":0,"31":0,"32":0,"33":0,"34":0,"35":0,"36":0,"37":0,"38":0,"39":0,"40":0,"41":0,"42":0,"43":0,"44":0,"45":0,"46":0,"47":0,"48":0,"49":0,"50":0,"51":0,"52":3,"53":6,"54":1,"55":1,"56":1,"57":4,"58":8,"59":8,"60":8,"61":0,"62":0},"b":{"0":[0,0],"1":[20],"2":[34],"3":[36],"4":[36],"5":[37],"6":[38],"7":[40],"8":[39],"9":[1,36],"10":[1,35],"11":[36,34],"12":[1,34],"13":[34,33],"14":[34,27],"15":[1,4],"16":[5,4],"17":[20,20],"18":[3,17],"19":[7],"20":[7,7],"21":[1,6],"22":[7,2],"23":[6,0],"24":[0,0],"25":[0,0],"26":[4,2],"27":[0,6],"28":[6,0],"29":[1,5],"30":[0,1],"31":[1,0],"32":[0,0],"33":[0],"34":[5,1],"35":[0,1],"36":[0,0],"37":[3],"38":[3,2],"39":[2,1],"40":[1],"41":[1,5],"42":[0,6],"43":[0,6],"44":[5],"45":[5,3],"46":[5,2],"47":[5,2],"48":[0,5],"49":[3,3],"50":[0,6],"51":[6,0],"52":[0,6],"53":[6,0],"54":[0,6],"55":[0,0],"56":[0,0],"57":[0,0],"58":[0,0],"59":[0,0],"60":[0,0],"61":[0,0],"62":[0,0],"63":[0,0],"64":[0,0],"65":[0,0],"66":[0,0],"67":[0,0],"68":[0,0],"69":[0,0],"70":[0,0],"71":[0,0],"72":[0,0],"73":[0,0],"74":[0,0],"75":[0,0],"76":[0,0],"77":[0,0],"78":[0,0],"79":[0,0],"80":[0,0],"81":[0,0],"82":[0,0,0],"83":[0],"84":[0,0],"85":[0,0],"86":[0,0],"87":[0,0],"88":[0,0],"89":[0,0],"90":[0,0],"91":[0,0],"92":[0,0],"93":[0,0],"94":[3,0],"95":[4,1],"96":[1,3],"97":[1,2],"98":[0,3],"99":[0,8],"100":[3,5],"101":[3,5],"102":[8,7,6],"103":[5,1],"104":[2,3],"105":[0,0],"106":[0,0],"107":[0,0],"108":[0,0],"109":[0,0],"110":[0,0]},"_coverageSchema":"1a1c01bbd47fc00a2c39e90264f33305004495a9","hash":"6fb595df776a18f96e52b6ae3f19d8668b05cec6"}
,"/Users/aaayush/Desktop/generator/lib/hooksRegistry.js": {"path":"/Users/aaayush/Desktop/generator/lib/hooksRegistry.js","statementMap":{"0":{"start":{"line":1,"column":13},"end":{"line":1,"column":28}},"1":{"start":{"line":2,"column":12},"end":{"line":2,"column":31}},"2":{"start":{"line":3,"column":19},"end":{"line":3,"column":37}},"3":{"start":{"line":12,"column":0},"end":{"line":18,"column":2}},"4":{"start":{"line":13,"column":2},"end":{"line":13,"column":57}},"5":{"start":{"line":15,"column":2},"end":{"line":15,"column":126}},"6":{"start":{"line":15,"column":64},"end":{"line":15,"column":126}},"7":{"start":{"line":17,"column":2},"end":{"line":17,"column":15}},"8":{"start":{"line":28,"column":2},"end":{"line":58,"column":5}},"9":{"start":{"line":29,"column":23},"end":{"line":29,"column":58}},"10":{"start":{"line":31,"column":4},"end":{"line":31,"column":57}},"11":{"start":{"line":31,"column":35},"end":{"line":31,"column":57}},"12":{"start":{"line":33,"column":19},"end":{"line":35,"column":6}},"13":{"start":{"line":37,"column":4},"end":{"line":49,"column":7}},"14":{"start":{"line":38,"column":6},"end":{"line":48,"column":7}},"15":{"start":{"line":39,"column":25},"end":{"line":39,"column":82}},"16":{"start":{"line":40,"column":8},"end":{"line":40,"column":56}},"17":{"start":{"line":41,"column":20},"end":{"line":41,"column":37}},"18":{"start":{"line":43,"column":8},"end":{"line":43,"column":28}},"19":{"start":{"line":45,"column":8},"end":{"line":45,"column":15}},"20":{"start":{"line":47,"column":8},"end":{"line":47,"column":18}},"21":{"start":{"line":51,"column":4},"end":{"line":53,"column":7}},"22":{"start":{"line":52,"column":6},"end":{"line":52,"column":29}},"23":{"start":{"line":55,"column":4},"end":{"line":57,"column":7}},"24":{"start":{"line":56,"column":6},"end":{"line":56,"column":21}},"25":{"start":{"line":70,"column":22},"end":{"line":70,"column":42}},"26":{"start":{"line":71,"column":30},"end":{"line":71,"column":44}},"27":{"start":{"line":73,"column":2},"end":{"line":73,"column":86}},"28":{"start":{"line":73,"column":79},"end":{"line":73,"column":86}},"29":{"start":{"line":75,"column":19},"end":{"line":88,"column":4}},"30":{"start":{"line":77,"column":4},"end":{"line":84,"column":5}},"31":{"start":{"line":80,"column":6},"end":{"line":80,"column":37}},"32":{"start":{"line":83,"column":6},"end":{"line":83,"column":85}},"33":{"start":{"line":85,"column":29},"end":{"line":85,"column":68}},"34":{"start":{"line":87,"column":4},"end":{"line":87,"column":42}},"35":{"start":{"line":89,"column":2},"end":{"line":89,"column":30}},"36":{"start":{"line":90,"column":2},"end":{"line":90,"column":15}},"37":{"start":{"line":106,"column":2},"end":{"line":108,"column":3}},"38":{"start":{"line":107,"column":4},"end":{"line":107,"column":22}},"39":{"start":{"line":110,"column":2},"end":{"line":119,"column":5}},"40":{"start":{"line":111,"column":29},"end":{"line":111,"column":53}},"41":{"start":{"line":113,"column":4},"end":{"line":118,"column":7}},"42":{"start":{"line":114,"column":6},"end":{"line":114,"column":56}},"43":{"start":{"line":114,"column":49},"end":{"line":114,"column":56}},"44":{"start":{"line":116,"column":6},"end":{"line":116,"column":46}},"45":{"start":{"line":117,"column":6},"end":{"line":117,"column":33}},"46":{"start":{"line":120,"column":2},"end":{"line":120,"column":15}}},"fnMap":{"0":{"name":"(anonymous_0)","decl":{"start":{"line":12,"column":31},"end":{"line":12,"column":32}},"loc":{"start":{"line":12,"column":87},"end":{"line":18,"column":1}},"line":12},"1":{"name":"registerLocalHooks","decl":{"start":{"line":27,"column":15},"end":{"line":27,"column":33}},"loc":{"start":{"line":27,"column":64},"end":{"line":59,"column":1}},"line":27},"2":{"name":"(anonymous_2)","decl":{"start":{"line":28,"column":21},"end":{"line":28,"column":22}},"loc":{"start":{"line":28,"column":48},"end":{"line":58,"column":3}},"line":28},"3":{"name":"(anonymous_3)","decl":{"start":{"line":37,"column":22},"end":{"line":37,"column":23}},"loc":{"start":{"line":37,"column":51},"end":{"line":49,"column":5}},"line":37},"4":{"name":"(anonymous_4)","decl":{"start":{"line":51,"column":24},"end":{"line":51,"column":25}},"loc":{"start":{"line":51,"column":50},"end":{"line":53,"column":5}},"line":51},"5":{"name":"(anonymous_5)","decl":{"start":{"line":55,"column":21},"end":{"line":55,"column":22}},"loc":{"start":{"line":55,"column":33},"end":{"line":57,"column":5}},"line":55},"6":{"name":"registerConfigHooks","decl":{"start":{"line":69,"column":15},"end":{"line":69,"column":34}},"loc":{"start":{"line":69,"column":71},"end":{"line":91,"column":1}},"line":69},"7":{"name":"(anonymous_7)","decl":{"start":{"line":75,"column":48},"end":{"line":75,"column":49}},"loc":{"start":{"line":75,"column":73},"end":{"line":88,"column":3}},"line":75},"8":{"name":"addHook","decl":{"start":{"line":100,"column":9},"end":{"line":100,"column":16}},"loc":{"start":{"line":100,"column":37},"end":{"line":121,"column":1}},"line":100},"9":{"name":"(anonymous_9)","decl":{"start":{"line":110,"column":27},"end":{"line":110,"column":28}},"loc":{"start":{"line":110,"column":39},"end":{"line":119,"column":3}},"line":110},"10":{"name":"(anonymous_10)","decl":{"start":{"line":113,"column":29},"end":{"line":113,"column":30}},"loc":{"start":{"line":113,"column":37},"end":{"line":118,"column":5}},"line":113}},"branchMap":{"0":{"loc":{"start":{"line":15,"column":2},"end":{"line":15,"column":126}},"type":"if","locations":[{"start":{"line":15,"column":2},"end":{"line":15,"column":126}},{"start":{},"end":{}}],"line":15},"1":{"loc":{"start":{"line":15,"column":6},"end":{"line":15,"column":62}},"type":"binary-expr","locations":[{"start":{"line":15,"column":6},"end":{"line":15,"column":20}},{"start":{"line":15,"column":24},"end":{"line":15,"column":62}}],"line":15},"2":{"loc":{"start":{"line":31,"column":4},"end":{"line":31,"column":57}},"type":"if","locations":[{"start":{"line":31,"column":4},"end":{"line":31,"column":57}},{"start":{},
[...]
,"/Users/aaayush/Desktop/generator/lib/utils.js": {"path":"/Users/aaayush/Desktop/generator/lib/utils.js","statementMap":{"0":{"start":{"line":1,"column":11},"end":{"line":1,"column":24}},"1":{"start":{"line":2,"column":13},"end":{"line":2,"column":28}},"2":{"start":{"line":3,"column":13},"end":{"line":3,"column":28}},"3":{"start":{"line":4,"column":14},"end":{"line":4,"column":35}},"4":{"start":{"line":5,"column":12},"end":{"line":5,"column":26}},"5":{"start":{"line":6,"column":19},"end":{"line":6,"column":41}},"6":{"start":{"line":7,"column":20},"end":{"line":7,"column":43}},"7":{"start":{"line":8,"column":19},"end":{"line":8,"column":41}},"8":{"start":{"line":9,"column":12},"end":{"line":9,"column":31}},"9":{"start":{"line":11,"column":20},"end":{"line":11,"column":46}},"10":{"start":{"line":13,"column":19},"end":{"line":13,"column":46}},"11":{"start":{"line":15,"column":14},"end":{"line":15,"column":28}},"12":{"start":{"line":17,"column":0},"end":{"line":17,"column":39}},"13":{"start":{"line":18,"column":0},"end":{"line":18,"column":45}},"14":{"start":{"line":19,"column":0},"end":{"line":19,"column":45}},"15":{"start":{"line":20,"column":0},"end":{"line":20,"column":47}},"16":{"start":{"line":21,"column":0},"end":{"line":21,"column":45}},"17":{"start":{"line":22,"column":0},"end":{"line":22,"column":43}},"18":{"start":{"line":24,"column":0},"end":{"line":33,"column":2}},"19":{"start":{"line":25,"column":2},"end":{"line":32,"column":3}},"20":{"start":{"line":26,"column":4},"end":{"line":26,"column":52}},"21":{"start":{"line":27,"column":4},"end":{"line":27,"column":16}},"22":{"start":{"line":30,"column":4},"end":{"line":30,"column":73}},"23":{"start":{"line":31,"column":4},"end":{"line":31,"column":17}},"24":{"start":{"line":41,"column":0},"end":{"line":46,"column":2}},"25":{"start":{"line":42,"column":2},"end":{"line":45,"column":30}},"26":{"start":{"line":54,"column":0},"end":{"line":60,"column":2}},"27":{"start":{"line":55,"column":21},"end":{"line":55,"column":23}},"28":{"start":{"line":56,"column":2},"end":{"line":58,"column":3}},"29":{"start":{"line":57,"column":4},"end":{"line":57,"column":28}},"30":{"start":{"line":59,"column":2},"end":{"line":59,"column":20}},"31":{"start":{"line":68,"column":0},"end":{"line":71,"column":2}},"32":{"start":{"line":69,"column":16},"end":{"line":69,"column":47}},"33":{"start":{"line":70,"column":2},"end":{"line":70,"column":32}},"34":{"start":{"line":79,"column":0},"end":{"line":81,"column":2}},"35":{"start":{"line":80,"column":2},"end":{"line":80,"column":77}},"36":{"start":{"line":89,"column":0},"end":{"line":95,"column":2}},"37":{"start":{"line":90,"column":2},"end":{"line":94,"column":5}},"38":{"start":{"line":91,"column":4},"end":{"line":93,"column":21}},"39":{"start":{"line":92,"column":19},"end":{"line":92,"column":38}},"40":{"start":{"line":103,"column":0},"end":{"line":105,"column":2}},"41":{"start":{"line":104,"column":2},"end":{"line":104,"column":34}},"42":{"start":{"line":113,"column":0},"end":{"line":116,"column":2}},"43":{"start":{"line":114,"column":14},"end":{"line":114,"column":45}},"44":{"start":{"line":115,"column":2},"end":{"line":115,"column":44}},"45":{"start":{"line":123,"column":0},"end":{"line":125,"column":2}},"46":{"start":{"line":124,"column":2},"end":{"line":124,"column":29}},"47":{"start":{"line":133,"column":0},"end":{"line":135,"column":2}},"48":{"start":{"line":134,"column":2},"end":{"line":134,"column":73}},"49":{"start":{"line":143,"column":0},"end":{"line":145,"column":2}},"50":{"start":{"line":144,"column":2},"end":{"line":144,"column":42}},"51":{"start":{"line":152,"column":0},"end":{"line":160,"column":2}},"52":{"start":{"line":153,"column":42},"end":{"line":153,"column":60}},"53":{"start":{"line":156,"column":2},"end":{"line":158,"column":3}},"54":{"start":{"line":157,"column":4},"end":{"line":157,"column":11}},"55":{"start":{"line":159,"column":2},"end":{"line":159,"column":13}},"56":{"start":{"line":171,"column":0},"end":{"line":214,"column":2}},"57":{"start":{"line":178,"column":2},"end":{"line":205,"column":3}},"58":{"start":{"line":179,"column":4},"end":{"line":179,"column":33}},"59":{"start":{"line":181,"column":4},"end":{"line":181,"column":47}},"60":{"start":{"line":185,"column":4},"end":{"line":185,"column":31}},"61":{"start":{"line":190,"column":4},"end":{"line":204,"column":5}},"62":{"start":{"line":191,"column":6},"end":{"line":197,"column":7}},"63":{"start":{"line":193,"column":8},"end":{"line":193,"column":107}},"64":{"start":{"line":196,"column":8},"end":{"line":196,"column":106}},"65":{"start":{"line":199,"column":6},"end":{"line":203,"column":7}},"66":{"start":{"line":200,"column":8},"end":{"line":200,"column":53}},"67":{"start":{"line":202,"column":8},"end":{"line":202,"column":51}},"68":{"start":{"line":207,"column":2},"end":{"line":211,"column":3}},"69":{"start":{"line":208,"column":4},"end":{"line":208,"column":70}},"70":{"start":{"line":210,"column":4},"end":{"line":210,"column":35}},"71":{"start":{"line":213,"column":2},"end":{"line":213,"column":22}},"72":{"start":{"line":216,"column":0},"end":{"line":223,"column":2}},"73":{"start":{"line":217,"column":21},"end":{"line":217,"column":23}},"74":{"start":{"line":218,"column":2},"end":{"line":221,"column":3}},"75":{"start":{"line":219,"column":15},"end":{"line":219,"column":34}},"76":{"start":{"line":220,"column":4},"end":{"line":220,"column":27}},"77":{"start":{"line":222,"column":2},"end":{"line":222,"column":20}}},"fnMap":{"0":{"name":"(anonymous_0)","decl":{"start":{"line":24,"column":15},"end":{"line":24,"column":16}},"loc":{"start":{"line":24,"column":31},"end":{"line":33,"column":1}},"line":24},"1":{"name":"(anonymous_1)","decl":{"start":{"line":41,"column":25},"end":{"line":41,"column":26}},"loc":{"start":{"line":41,"column":37},"end":{"line":46,"column":1}},"line":41},"2":{"name":"(anonymous_2)","decl":{"start":{"line":54,"column":27},"end":{"line":54,"column":28}},"loc":{"start":{"line":54,"column":36},"end":{"line":60,"column":1}},"line":54},"3":{"name":"(anonymous_3)","decl":{"start":{"line":68,"column":24},"end":{"line":68,"column":25}},"loc":{"start":{"line":68,"column":48},"end":{"line":71,"column":1}},"line":68},"4":{"name":"(anonymous_4)","decl":{"start":{"line":79,"column":24},"end":{"line":79,"column":25}},"loc":{"start":{"line":79,"column":44},"end":{"line":81,"column":1}},"line":79},"5":{"name":"(anonymous_5)","decl":{"start":{"line":89,"column":18},"end":{"line":89,"column":19}},"loc":{"start":{"line":89,"column":28},"end":{"line":95,"column":1}},"line":89},"6":{"name":"(anonymous_6)","decl":{"start":{"line":90,"column":21},"end":{"line":90,"column":22}},"loc":{"start":{"line":90,"column":42},"end":{"line":94,"column":3}},"line":90},"7":{"name":"(anonymous_7)","decl":{"start":{"line":92,"column":12},"end":{"line":92,"column":13}},"loc":{"start":{"line":92,"column":19},"end":{"line":92,"column":38}},"line":92},"8":{"name":"(anonymous_8)","decl":{"start":{"line":103,"column":19},"end":{"line":103,"column":20}},"loc":{"start":{"line":103,"column":28},"end":{"line":105,"column":1}},"line":103},"9":{"name":"(anonymous_9)","decl":{"start":{"line":113,"column":17},"end":{"line":113,"column":18}},"loc":{"start":{"line":113,"column":31},"end":{"line":116,"column":1}},"line":113},"10":{"name":"(anonymous_10)","decl":{"start":{"line":123,"column":28},"end":{"line":123,"column":29}},"loc":{"start":{"line":123,"column":34},"end":{"line":125,"column":1}},"line":123},"11":{"name":"(anonymous_11)","decl":{"start":{"line":133,"column":24},"end":{"line":133,"column":25}},"loc":{"start":{"line":133,"column":32},"end":{"line":135,"column":1}},"line":133},"12":{"name":"(anonymous_12)","decl":{"start":{"line":143,"column":26},"end":{"line":143,"column":27}},"loc":{"start":{"line":143,"column":32},"end":{"line":145,"column":1}},"line":143},"13":{"name":"(anonymous_13)","decl":{"start":{"line":152,"column":27},"end":{"line":152,"column":28}},"loc":{"start":{"line":152,"column":33},"end":{"line":160,"column":1}},"line":152},"14":{"name":"(anonymous_14)","decl":{"start":{"line":171,"column":27},"end":{"line":171,"column":28}},"loc":{"start":{"line":171,"column":60},"end":{"line":214,"column":1}},"line":171},"15":{"name":"(anonymous_15)","decl":{"start":{"line":216,"column":34},"end":{"line":216,"column":35}},"loc":{"start":{"line":216,"column":57},"end":{"line":223,"column":1}},"line":216}},"branchMap":{"0":{"loc":{"start":{"line":42,"column":9},"end":{"line":45,"column":29}},"type":"binary-expr","locations":[{"start":{"line":42,"column":9},"end":{"line":42,"column":32}},{"start":{"line":43,"column":7},"end":{"line":43,"column":40}},{"start":{"line":44,"column":7},"end":{"line":44,"column":41}},{"start":{"line":45,"column":7},"end":{"line":45,"column":29}}],"line":42},"1":{"loc":{"start":{"line":80,"column":9},"end":{"line":80,"column":76}},"type":"binary-expr","locations":[{"start":{"line":80,"column":9},"end":{"line":80,"column":37}},{"start":{"line":80,"column":41},"end":{"line":80,"column":76}}],"line":80},"2":{"loc":{"start":{"line":114,"column":14},"end":{"line":114,"column":45}},"type":"binary-expr","locations":[{"start":{"line":114,"column":14},"end":{"line":114,"column":39}},{"start":{"line":114,"column":43},"end":{"line":114,"column":45}}],"line":114},"3":{"loc":{"start":{"line":134,"column":9},"end":{"line":134,"column":72}},"type":"binary-expr","locations":[{"start":{"line":134,"column":9},"end":{"line":134,"column":11}},{"start":{"line":134,"column":15},"end":{"line":134,"column":29}},{"start":{"line":134,"column":33},"end":{"line":134,"column":72}}],"line":134},"4":{"loc":{"start":{"line":156,"column":2},"end":{"line":158,"column":3}},"type":"if","locations":[{"start":{"line":156,"column":2},"end":{"line":158,"column":3}},{"start":{},"end":{}}],"line":156},"5":{"loc":{"start":{"line":156,"column":6},"end":{"line":156,"column":59}},"type":"binary-expr","locations":[{"start":{"line":156,"column":6},"end":{"line":156,"column":32}},{"start":{"line":156,"column":36},"end":{"line":156,"column":59}}],"line":156},"6":{"loc":{"start":{"line":178,"column":2},"end":{"line":205,"column":3}},"type":"if","locations":[{"start":{"line":178,"column":2},"end":{"line":205,"column":3}},{"start":{"line":182,"column":9},"end":{"line":205,"column":3}}],"line":178},"7":{"loc":{"start":{"line":190,"column":4},"end":{"line":204,"column":5}},"type":"if","locations":[{"start":{"line":190,"column":4},"end":{"line":204,"column":5}},{"start":{},"end":{}}],"line":190},"8":{"loc":{"start":{"line":199,"column":6},"end":{"line":203,"column":7}},"type":"if","locations":[{"start":{"line":199,"column":6},"end":{"line":203,"column":7}},{"start":{},"end":{}}],"line":199},"9":{"loc":{"start":{"line":207,"column":2},"end":{"line":211,"column":3}},"type":"if","locations":[{"start":{"line":207,"column":2},"end":{"line":211,"column":3}},{"start":{},"end":{}}],"line":207}},"s":{"0":4,"1":4,"2":4,"3":4,"4":4,"5":4,"6":4,"7":4,"8":4,"9":4,"10":4,"11":4,"12":4,"13":4,"14":4,"15":4,"16":4,"17":4,"18":4,"19":2,"20":2,"21":1,"22":1,"23":1,"24":4,"25":0,"26":4,"27":0,"28":0,"29":0,"30":0,"31":4,"32":0,"33":0,"34":4,"35":0,"36":4,"37":0,"38":0,"39":0,"40":4,"41":0,"42":4,"43":0,"44":0,"45":4,"46":0,"47":4,"48":0,"49":4,"50":1,"51":4,"52":1,"53":1,"54":0,"55":1,"56":4,"57":4,"58":1,"59":1,"60":3,"61":3,"62":2,"63":2,"64":0,"65":2,"66":1,"67":1,"68":4,"69":3,"70":3,"71":4,"72":4,"73":0,"74":0,"75":0,"76":0,"77":0},"f":{"0":2,"1":0,"2":0,"3":0,"4":0,"5":0,"6":0,"7":0,"8":0,"9":0,"10":0,"11":0,"12":1,"13":1,"14":4,"15":0},"b":{"0":[0,0,0,0],"1":[0,0],"2":[0,0],"3":[0,0,0],"4":[0,1],"5":[1,1],"6":[1,3],"7":[2,1],"8":[1,1],"9":[3,1]},"_coverageSchema":"1a1c01bbd47fc00a2c39e90264f33305004495a9","hash":"c697d4a3b3346ff70786c34abdfb552acc50e5c4"}
,"/Users/aaayush/Desktop/generator/lib/renderer/nunjucks.js": {"path":"/Users/aaayush/Desktop/generator/lib/renderer/nunjucks.js","statementMap":{"0":{"start":{"line":1,"column":17},"end":{"line":1,"column":36}},"1":{"start":{"line":2,"column":23},"end":{"line":2,"column":37}},"2":{"start":{"line":11,"column":0},"end":{"line":16,"column":2}},"3":{"start":{"line":12,"column":17},"end":{"line":12,"column":19}},"4":{"start":{"line":13,"column":2},"end":{"line":13,"column":31}},"5":{"start":{"line":13,"column":13},"end":{"line":13,"column":31}},"6":{"start":{"line":15,"column":2},"end":{"line":15,"column":86}},"7":{"start":{"line":30,"column":0},"end":{"line":42,"column":2}},"8":{"start":{"line":31,"column":2},"end":{"line":41,"column":5}},"9":{"start":{"line":32,"column":4},"end":{"line":40,"column":7}},"10":{"start":{"line":38,"column":6},"end":{"line":38,"column":34}},"11":{"start":{"line":38,"column":15},"end":{"line":38,"column":34}},"12":{"start":{"line":39,"column":6},"end":{"line":39,"column":22}}},"fnMap":{"0":{"name":"(anonymous_0)","decl":{"start":{"line":11,"column":35},"end":{"line":11,"column":36}},"loc":{"start":{"line":11,"column":59},"end":{"line":16,"column":1}},"line":11},"1":{"name":"(anonymous_1)","decl":{"start":{"line":30,"column":32},"end":{"line":30,"column":33}},"loc":{"start":{"line":30,"column":143},"end":{"line":42,"column":1}},"line":30},"2":{"name":"(anonymous_2)","decl":{"start":{"line":31,"column":21},"end":{"line":31,"column":22}},"loc":{"start":{"line":31,"column":42},"end":{"line":41,"column":3}},"line":31},"3":{"name":"(anonymous_3)","decl":{"start":{"line":37,"column":27},"end":{"line":37,"column":28}},"loc":{"start":{"line":37,"column":44},"end":{"line":40,"column":5}},"line":37}},"branchMap":{"0":{"loc":{"start":{"line":13,"column":2},"end":{"line":13,"column":31}},"type":"if","locations":[{"start":{"line":13,"column":2},"end":{"line":13,"column":31}},{"start":{},"end":{}}],"line":13},"1":{"loc":{"start":{"line":38,"column":6},"end":{"line":38,"column":34}},"type":"if","locations":[{"start":{"line":38,"column":6},"end":{"line":38,"column":34}},{"start":{},"end":{}}],"line":38}},"s":{"0":2,"1":2,"2":2,"3":0,"4":0,"5":0,"6":0,"7":2,"8":0,"9":0,"10":0,"11":0,"12":0},"f":{"0":0,"1":0,"2":0,"3":0},"b":{"0":[0,0],"1":[0,0]},"_coverageSchema":"1a1c01bbd47fc00a2c39e90264f33305004495a9","hash":"3eb3e453a3861ddbe1ff62e0ef5f02c653ee5fdf"}
,"/Users/aaayush/Desktop/generator/lib/renderer/react.js": {"path":"/Users/aaayush/Desktop/generator/lib/renderer/react.js","statementMap":{"0":{"start":{"line":1,"column":13},"end":{"line":1,"column":28}},"1":{"start":{"line":2,"column":22},"end":{"line":2,"column":62}},"2":{"start":{"line":5,"column":4},"end":{"line":5,"column":23}},"3":{"start":{"line":7,"column":20},"end":{"line":7,"column":34}},"4":{"start":{"line":17,"column":0},"end":{"line":22,"column":2}},"5":{"start":{"line":18,"column":20},"end":{"line":18,"column":85}},"6":{"start":{"line":19,"column":2},"end":{"line":21,"column":5}},"7":{"start":{"line":39,"column":0},"end":{"line":52,"column":2}},"8":{"start":{"line":40,"column":2},"end":{"line":40,"column":46}},"9":{"start":{"line":41,"column":2},"end":{"line":41,"column":110}},"10":{"start":{"line":42,"column":2},"end":{"line":51,"column":4}},"11":{"start":{"line":61,"column":26},"end":{"line":84,"column":1}},"12":{"start":{"line":62,"column":17},"end":{"line":62,"column":27}},"13":{"start":{"line":64,"column":20},"end":{"line":64,"column":25}},"14":{"start":{"line":65,"column":18},"end":{"line":65,"column":41}},"15":{"start":{"line":67,"column":2},"end":{"line":69,"column":3}},"16":{"start":{"line":68,"column":4},"end":{"line":68,"column":84}},"17":{"start":{"line":70,"column":2},"end":{"line":79,"column":3}},"18":{"start":{"line":71,"column":4},"end":{"line":73,"column":5}},"19":{"start":{"line":72,"column":6},"end":{"line":72,"column":57}},"20":{"start":{"line":74,"column":4},"end":{"line":78,"column":5}},"21":{"start":{"line":75,"column":26},"end":{"line":75,"column":66}},"22":{"start":{"line":76,"column":23},"end":{"line":76,"column":46}},"23":{"start":{"line":77,"column":6},"end":{"line":77,"column":57}},"24":{"start":{"line":81,"column":2},"end":{"line":83,"column":5}},"25":{"start":{"line":93,"column":0},"end":{"line":98,"column":2}},"26":{"start":{"line":94,"column":2},"end":{"line":96,"column":3}},"27":{"start":{"line":95,"column":4},"end":{"line":95,"column":95}},"28":{"start":{"line":95,"column":54},"end":{"line":95,"column":92}},"29":{"start":{"line":97,"column":2},"end":{"line":97,"column":56}}},"fnMap":{"0":{"name":"(anonymous_0)","decl":{"start":{"line":17,"column":29},"end":{"line":17,"column":30}},"loc":{"start":{"line":17,"column":105},"end":{"line":22,"column":1}},"line":17},"1":{"name":"(anonymous_1)","decl":{"start":{"line":39,"column":26},"end":{"line":39,"column":27}},"loc":{"start":{"line":39,"column":190},"end":{"line":52,"column":1}},"line":39},"2":{"name":"(anonymous_2)","decl":{"start":{"line":61,"column":26},"end":{"line":61,"column":27}},"loc":{"start":{"line":61,"column":65},"end":{"line":84,"column":1}},"line":61},"3":{"name":"(anonymous_3)","decl":{"start":{"line":93,"column":39},"end":{"line":93,"column":40}},"loc":{"start":{"line":93,"column":78},"end":{"line":98,"column":1}},"line":93},"4":{"name":"(anonymous_4)","decl":{"start":{"line":95,"column":43},"end":{"line":95,"column":44}},"loc":{"start":{"line":95,"column":54},"end":{"line":95,"column":92}},"line":95}},"branchMap":{"0":{"loc":{"start":{"line":40,"column":22},"end":{"line":40,"column":45}},"type":"binary-expr","locations":[{"start":{"line":40,"column":22},"end":{"line":40,"column":39}},{"start":{"line":40,"column":43},"end":{"line":40,"column":45}}],"line":40},"1":{"loc":{"start":{"line":67,"column":2},"end":{"line":69,"column":3}},"type":"if","locations":[{"start":{"line":67,"column":2},"end":{"line":69,"column":3}},{"start":{},"end":{}}],"line":67},"2":{"loc":{"start":{"line":67,"column":6},"end":{"line":67,"column":58}},"type":"binary-expr","locations":[{"start":{"line":67,"column":6},"end":{"line":67,"column":27}},{"start":{"line":67,"column":31},"end":{"line":67,"column":58}}],"line":67},"3":{"loc":{"start":{"line":70,"column":2},"end":{"line":79,"column":3}},"type":"if","locations":[{"start":{"line":70,"column":2},"end":{"line":79,"column":3}},{"start":{},"end":{}}],"line":70},"4":{"loc":{"start":{"line":71,"column":4},"end":{"line":73,"column":5}},"type":"if","locations":[{"start":{"line":71,"column":4},"end":{"line":73,"column":5}},{"start":{},"end":{}}],"line":71},"5":{"loc":{"start":{"line":74,"column":4},"end":{"line":78,"column":5}},"type":"if","locations":[{"start":{"line":74,"column":4},"end":{"line":78,"column":5}},{"start":{},"end":{}}],"line":74},"6":{"loc":{"start":{"line":94,"column":2},"end":{"line":96,"column":3}},"type":"if","locations":[{"start":{"line":94,"column":2},"end":{"line":96,"column":3}},{"start":{},"end":{}}],"line":94}},"s":{"0":3,"1":3,"2":3,"3":3,"4":3,"5":1,"6":1,"7":3,"8":1,"9":1,"10":1,"11":3,"12":3,"13":3,"14":3,"15":3,"16":0,"17":3,"18":3,"19":0,"20":3,"21":3,"22":3,"23":3,"24":3,"25":3,"26":2,"27":1,"28":2,"29":1},"f":{"0":1,"1":1,"2":3,"3":2,"4":2},"b":{"0":[1,0],"1":[0,3],"2":[3,3],"3":[3,0],"4":[0,3],"5":[3,0],"6":[1,1]},"_coverageSchema":"1a1c01bbd47fc00a2c39e90264f33305004495a9","hash":"c739a6b12e3e1604574eb9e5cc7eda6120b76e01"}
}
