TN:
SF:lib/filtersRegistry.js
FN:13,(anonymous_0)
FN:25,registerLocalFilters
FN:26,(anonymous_2)
FN:35,(anonymous_3)
FN:50,(anonymous_4)
FN:54,(anonymous_5)
FN:67,registerConfigFilters
FN:72,(anonymous_7)
FN:95,addFilters
FN:96,(anonymous_9)
FNF:10
FNH:0
FNDA:0,(anonymous_0)
FNDA:0,registerLocalFilters
FNDA:0,(anonymous_2)
FNDA:0,(anonymous_3)
FNDA:0,(anonymous_4)
FNDA:0,(anonymous_5)
FNDA:0,registerConfigFilters
FNDA:0,(anonymous_7)
FNDA:0,addFilters
FNDA:0,(anonymous_9)
DA:1,2
DA:2,2
DA:3,2
DA:4,2
DA:13,2
DA:14,0
DA:15,0
DA:26,0
DA:27,0
DA:29,0
DA:31,0
DA:35,0
DA:36,0
DA:37,0
DA:39,0
DA:40,0
DA:42,0
DA:44,0
DA:46,0
DA:50,0
DA:51,0
DA:54,0
DA:55,0
DA:68,0
DA:69,0
DA:70,0
DA:72,0
DA:74,0
DA:77,0
DA:80,0
DA:83,0
DA:86,0
DA:96,0
DA:97,0
DA:98,0
DA:100,0
DA:101,0
DA:103,0
LF:38
LH:5
BRDA:29,0,0,0
BRDA:29,0,1,0
BRDA:70,1,0,0
BRDA:70,1,1,0
BRDA:98,2,0,0
BRDA:98,2,1,0
BRDA:100,3,0,0
BRDA:100,3,1,0
BRF:8
BRH:0
end_of_record
TN:
SF:lib/generator.js
FN:49,(anonymous_0)
FN:52,(anonymous_1)
FN:94,(anonymous_2)
FN:131,(anonymous_3)
FN:135,(anonymous_4)
FN:153,(anonymous_5)
FN:155,(anonymous_6)
FN:192,(anonymous_7)
FN:210,(anonymous_8)
FN:232,(anonymous_9)
FN:251,(anonymous_10)
FN:268,(anonymous_11)
FN:283,(anonymous_12)
FN:308,(anonymous_13)
FN:334,(anonymous_14)
FN:359,(anonymous_15)
FN:366,(anonymous_16)
FN:394,(anonymous_17)
FN:441,(anonymous_18)
FN:471,(anonymous_19)
FN:498,(anonymous_20)
FN:520,(anonymous_21)
FN:528,(anonymous_22)
FN:557,(anonymous_23)
FN:558,(anonymous_24)
FN:629,(anonymous_25)
FN:632,(anonymous_26)
FN:633,(anonymous_27)
FN:638,(anonymous_28)
FN:643,(anonymous_29)
FN:668,(anonymous_30)
FN:669,(anonymous_31)
FN:676,(anonymous_32)
FN:684,(anonymous_33)
FN:692,(anonymous_34)
FN:696,(anonymous_35)
FN:710,(anonymous_36)
FN:729,(anonymous_37)
FN:737,(anonymous_38)
FN:743,(anonymous_39)
FN:785,(anonymous_40)
FN:788,(anonymous_41)
FN:808,(anonymous_42)
FN:843,(anonymous_43)
FN:863,(anonymous_44)
FN:904,(anonymous_45)
FN:924,(anonymous_46)
FN:939,(anonymous_47)
FN:942,(anonymous_48)
FN:954,(anonymous_49)
FN:959,(anonymous_50)
FN:966,(anonymous_51)
FN:988,(anonymous_52)
FN:990,(anonymous_53)
FN:992,(anonymous_54)
FN:992,(anonymous_55)
FN:995,(anonymous_56)
FN:1009,(anonymous_57)
FN:1016,(anonymous_58)
FN:1031,(anonymous_59)
FN:1041,(anonymous_60)
FN:1049,(anonymous_61)
FN:1070,(anonymous_62)
FNF:63
FNH:31
FNDA:0,(anonymous_0)
FNDA:0,(anonymous_1)
FNDA:40,(anonymous_2)
FNDA:4,(anonymous_3)
FNDA:5,(anonymous_4)
FNDA:40,(anonymous_5)
FNDA:41,(anonymous_6)
FNDA:7,(anonymous_7)
FNDA:7,(anonymous_8)
FNDA:6,(anonymous_9)
FNDA:6,(anonymous_10)
FNDA:6,(anonymous_11)
FNDA:6,(anonymous_12)
FNDA:6,(anonymous_13)
FNDA:6,(anonymous_14)
FNDA:6,(anonymous_15)
FNDA:6,(anonymous_16)
FNDA:0,(anonymous_17)
FNDA:3,(anonymous_18)
FNDA:1,(anonymous_19)
FNDA:1,(anonymous_20)
FNDA:2,(anonymous_21)
FNDA:6,(anonymous_22)
FNDA:8,(anonymous_23)
FNDA:8,(anonymous_24)
FNDA:0,(anonymous_25)
FNDA:0,(anonymous_26)
FNDA:0,(anonymous_27)
FNDA:0,(anonymous_28)
FNDA:0,(anonymous_29)
FNDA:0,(anonymous_30)
FNDA:0,(anonymous_31)
FNDA:0,(anonymous_32)
FNDA:0,(anonymous_33)
FNDA:0,(anonymous_34)
FNDA:0,(anonymous_35)
FNDA:0,(anonymous_36)
FNDA:0,(anonymous_37)
FNDA:0,(anonymous_38)
FNDA:0,(anonymous_39)
FNDA:0,(anonymous_40)
FNDA:0,(anonymous_41)
FNDA:0,(anonymous_42)
FNDA:0,(anonymous_43)
FNDA:0,(anonymous_44)
FNDA:0,(anonymous_45)
FNDA:0,(anonymous_46)
FNDA:0,(anonymous_47)
FNDA:0,(anonymous_48)
FNDA:0,(anonymous_49)
FNDA:0,(anonymous_50)
FNDA:0,(anonymous_51)
FNDA:3,(anonymous_52)
FNDA:6,(anonymous_53)
FNDA:1,(anonymous_54)
FNDA:1,(anonymous_55)
FNDA:1,(anonymous_56)
FNDA:4,(anonymous_57)
FNDA:8,(anonymous_58)
FNDA:8,(anonymous_59)
FNDA:8,(anonymous_60)
FNDA:0,(anonymous_61)
FNDA:0,(anonymous_62)
DA:1,2
DA:2,2
DA:3,2
DA:4,2
DA:5,2
DA:6,2
DA:7,2
DA:8,2
DA:9,2
DA:10,2
DA:12,2
DA:13,2
DA:14,2
DA:30,2
DA:31,2
DA:32,2
DA:33,2
DA:35,2
DA:36,2
DA:37,2
DA:38,2
DA:39,2
DA:40,2
DA:41,2
DA:42,2
DA:44,2
DA:45,2
DA:46,2
DA:47,2
DA:49,2
DA:50,0
DA:52,2
DA:53,0
DA:56,2
DA:57,2
DA:95,40
DA:96,40
DA:97,37
DA:98,36
DA:99,35
DA:102,34
DA:104,34
DA:106,34
DA:108,34
DA:110,34
DA:112,34
DA:114,34
DA:116,34
DA:118,34
DA:120,34
DA:122,34
DA:124,34
DA:126,34
DA:130,34
DA:131,34
DA:132,4
DA:133,4
DA:136,5
DA:137,1
DA:139,4
DA:154,40
DA:155,41
DA:157,20
DA:158,3
DA:193,7
DA:194,6
DA:195,6
DA:197,6
DA:198,6
DA:199,6
DA:200,6
DA:211,7
DA:212,7
DA:214,7
DA:215,1
DA:218,6
DA:233,6
DA:234,6
DA:235,0
DA:236,0
DA:253,6
DA:256,6
DA:257,4
DA:269,6
DA:284,6
DA:286,6
DA:287,6
DA:288,6
DA:290,6
DA:292,6
DA:310,6
DA:311,6
DA:312,6
DA:313,6
DA:314,6
DA:316,6
DA:317,6
DA:335,6
DA:336,1
DA:337,1
DA:338,0
DA:340,1
DA:341,1
DA:342,1
DA:343,0
DA:344,0
DA:347,5
DA:360,6
DA:367,6
DA:369,6
DA:370,5
DA:373,1
DA:374,1
DA:375,0
DA:376,0
DA:377,0
DA:378,0
DA:384,0
DA:386,1
DA:395,0
DA:396,0
DA:398,0
DA:442,3
DA:443,3
DA:444,2
DA:446,1
DA:472,1
DA:473,1
DA:499,1
DA:500,1
DA:521,2
DA:529,6
DA:530,6
DA:531,6
DA:533,6
DA:534,6
DA:535,1
DA:536,1
DA:540,6
DA:541,0
DA:542,0
DA:543,6
DA:544,0
DA:545,0
DA:550,6
DA:558,8
DA:559,8
DA:564,5
DA:565,5
DA:566,5
DA:567,5
DA:568,5
DA:569,5
DA:571,5
DA:576,3
DA:581,6
DA:582,6
DA:584,6
DA:586,6
DA:590,6
DA:591,6
DA:594,6
DA:596,6
DA:597,6
DA:603,6
DA:604,6
DA:606,6
DA:607,6
DA:608,6
DA:610,6
DA:611,6
DA:613,6
DA:618,0
DA:630,0
DA:631,0
DA:632,0
DA:633,0
DA:634,0
DA:638,0
DA:639,0
DA:642,0
DA:643,0
DA:644,0
DA:645,0
DA:646,0
DA:651,0
DA:652,0
DA:653,0
DA:658,0
DA:669,0
DA:670,0
DA:672,0
DA:676,0
DA:677,0
DA:678,0
DA:680,0
DA:684,0
DA:685,0
DA:686,0
DA:688,0
DA:692,0
DA:693,0
DA:696,0
DA:697,0
DA:711,0
DA:712,0
DA:713,0
DA:714,0
DA:716,0
DA:730,0
DA:731,0
DA:732,0
DA:737,0
DA:742,0
DA:743,0
DA:744,0
DA:756,0
DA:757,0
DA:758,0
DA:759,0
DA:760,0
DA:761,0
DA:762,0
DA:764,0
DA:768,0
DA:769,0
DA:770,0
DA:786,0
DA:788,0
DA:789,0
DA:790,0
DA:793,0
DA:809,0
DA:811,0
DA:812,0
DA:813,0
DA:814,0
DA:816,0
DA:818,0
DA:821,0
DA:822,0
DA:823,0
DA:824,0
DA:825,0
DA:827,0
DA:828,0
DA:829,0
DA:830,0
DA:831,0
DA:844,0
DA:845,0
DA:846,0
DA:847,0
DA:848,0
DA:850,0
DA:864,0
DA:865,0
DA:866,0
DA:867,0
DA:869,0
DA:871,0
DA:872,0
DA:874,0
DA:875,0
DA:876,0
DA:883,0
DA:885,0
DA:886,0
DA:887,0
DA:888,0
DA:892,0
DA:893,0
DA:905,0
DA:907,0
DA:909,0
DA:911,0
DA:925,0
DA:926,0
DA:928,0
DA:929,0
DA:940,0
DA:941,0
DA:942,0
DA:943,0
DA:944,0
DA:955,0
DA:956,0
DA:957,0
DA:959,0
DA:967,0
DA:968,0
DA:969,0
DA:970,0
DA:971,0
DA:974,0
DA:975,0
DA:976,0
DA:978,0
DA:980,0
DA:989,3
DA:990,6
DA:992,3
DA:993,1
DA:996,1
DA:1010,4
DA:1011,4
DA:1012,3
DA:1014,3
DA:1015,3
DA:1016,3
DA:1017,8
DA:1018,8
DA:1019,5
DA:1022,3
DA:1032,8
DA:1034,8
DA:1036,3
DA:1038,5
DA:1039,5
DA:1041,8
DA:1050,0
DA:1052,0
DA:1054,0
DA:1055,0
DA:1058,0
DA:1059,0
DA:1060,0
DA:1061,0
DA:1064,0
DA:1066,0
DA:1068,0
DA:1069,0
DA:1070,0
DA:1072,0
DA:1074,0
DA:1076,0
DA:1081,2
DA:1082,2
DA:1084,2
LF:339
LH:177
BRDA:53,0,0,0
BRDA:53,0,1,0
BRDA:94,1,0,20
BRDA:94,2,0,34
BRDA:94,3,0,36
BRDA:94,4,0,36
BRDA:94,5,0,37
BRDA:94,6,0,38
BRDA:94,7,0,40
BRDA:94,8,0,39
BRDA:97,9,0,1
BRDA:97,9,1,36
BRDA:98,10,0,1
BRDA:98,10,1,35
BRDA:98,11,0,36
BRDA:98,11,1,34
BRDA:99,12,0,1
BRDA:99,12,1,34
BRDA:110,13,0,34
BRDA:110,13,1,33
BRDA:112,14,0,34
BRDA:112,14,1,27
BRDA:136,15,0,1
BRDA:136,15,1,4
BRDA:136,16,0,5
BRDA:136,16,1,4
BRDA:154,17,0,20
BRDA:154,17,1,20
BRDA:157,18,0,3
BRDA:157,18,1,17
BRDA:192,19,0,7
BRDA:212,20,0,7
BRDA:212,20,1,7
BRDA:214,21,0,1
BRDA:214,21,1,6
BRDA:214,22,0,7
BRDA:214,22,1,2
BRDA:233,23,0,6
BRDA:233,23,1,0
BRDA:235,24,0,0
BRDA:235,24,1,0
BRDA:235,25,0,0
BRDA:235,25,1,0
BRDA:256,26,0,4
BRDA:256,26,1,2
BRDA:269,27,0,0
BRDA:269,27,1,6
BRDA:313,28,0,6
BRDA:313,28,1,0
BRDA:335,29,0,1
BRDA:335,29,1,5
BRDA:337,30,0,0
BRDA:337,30,1,1
BRDA:340,31,0,1
BRDA:340,31,1,0
BRDA:343,32,0,0
BRDA:343,32,1,0
BRDA:366,33,0,0
BRDA:369,34,0,5
BRDA:369,34,1,1
BRDA:374,35,0,0
BRDA:374,35,1,1
BRDA:395,36,0,0
BRDA:395,36,1,0
BRDA:441,37,0,3
BRDA:442,38,0,3
BRDA:442,38,1,2
BRDA:443,39,0,2
BRDA:443,39,1,1
BRDA:520,40,0,1
BRDA:534,41,0,1
BRDA:534,41,1,5
BRDA:540,42,0,0
BRDA:540,42,1,6
BRDA:543,43,0,0
BRDA:543,43,1,6
BRDA:557,44,0,5
BRDA:559,45,0,5
BRDA:559,45,1,3
BRDA:566,46,0,5
BRDA:566,46,1,2
BRDA:567,47,0,5
BRDA:567,47,1,2
BRDA:569,48,0,0
BRDA:569,48,1,5
BRDA:581,49,0,3
BRDA:581,49,1,3
BRDA:584,50,0,0
BRDA:584,50,1,6
BRDA:590,51,0,6
BRDA:590,51,1,0
BRDA:604,52,0,0
BRDA:604,52,1,6
BRDA:610,53,0,6
BRDA:610,53,1,0
BRDA:611,54,0,0
BRDA:611,54,1,6
BRDA:631,55,0,0
BRDA:631,55,1,0
BRDA:642,56,0,0
BRDA:642,56,1,0
BRDA:651,57,0,0
BRDA:651,57,1,0
BRDA:713,58,0,0
BRDA:713,58,1,0
BRDA:731,59,0,0
BRDA:731,59,1,0
BRDA:743,60,0,0
BRDA:743,60,1,0
BRDA:747,61,0,0
BRDA:747,61,1,0
BRDA:748,62,0,0
BRDA:748,62,1,0
BRDA:758,63,0,0
BRDA:758,63,1,0
BRDA:758,64,0,0
BRDA:758,64,1,0
BRDA:768,65,0,0
BRDA:768,65,1,0
BRDA:813,66,0,0
BRDA:813,66,1,0
BRDA:825,67,0,0
BRDA:825,67,1,0
BRDA:828,68,0,0
BRDA:828,68,1,0
BRDA:828,69,0,0
BRDA:828,69,1,0
BRDA:845,70,0,0
BRDA:845,70,1,0
BRDA:847,71,0,0
BRDA:847,71,1,0
BRDA:869,72,0,0
BRDA:869,72,1,0
BRDA:872,73,0,0
BRDA:872,73,1,0
BRDA:874,74,0,0
BRDA:874,74,1,0
BRDA:874,75,0,0
BRDA:874,75,1,0
BRDA:875,76,0,0
BRDA:875,76,1,0
BRDA:879,77,0,0
BRDA:879,77,1,0
BRDA:883,78,0,0
BRDA:883,78,1,0
BRDA:885,79,0,0
BRDA:885,79,1,0
BRDA:888,80,0,0
BRDA:888,80,1,0
BRDA:892,81,0,0
BRDA:892,81,1,0
BRDA:905,82,0,0
BRDA:905,82,1,0
BRDA:905,82,2,0
BRDA:924,83,0,0
BRDA:925,84,0,0
BRDA:925,84,1,0
BRDA:940,85,0,0
BRDA:940,85,1,0
BRDA:941,86,0,0
BRDA:941,86,1,0
BRDA:942,87,0,0
BRDA:942,87,1,0
BRDA:943,88,0,0
BRDA:943,88,1,0
BRDA:943,89,0,0
BRDA:943,89,1,0
BRDA:955,90,0,0
BRDA:955,90,1,0
BRDA:957,91,0,0
BRDA:957,91,1,0
BRDA:969,92,0,0
BRDA:969,92,1,0
BRDA:976,93,0,0
BRDA:976,93,1,0
BRDA:990,94,0,3
BRDA:990,94,1,0
BRDA:1010,95,0,4
BRDA:1010,95,1,1
BRDA:1011,96,0,1
BRDA:1011,96,1,3
BRDA:1012,97,0,1
BRDA:1012,97,1,2
BRDA:1015,98,0,0
BRDA:1015,98,1,3
BRDA:1017,99,0,0
BRDA:1017,99,1,8
BRDA:1018,100,0,3
BRDA:1018,100,1,5
BRDA:1034,101,0,3
BRDA:1034,101,1,5
BRDA:1034,102,0,8
BRDA:1034,102,1,7
BRDA:1034,102,2,6
BRDA:1038,103,0,5
BRDA:1038,103,1,1
BRDA:1039,104,0,2
BRDA:1039,104,1,3
BRDA:1052,105,0,0
BRDA:1052,105,1,0
BRDA:1059,106,0,0
BRDA:1059,106,1,0
BRDA:1061,107,0,0
BRDA:1061,107,1,0
BRDA:1072,108,0,0
BRDA:1072,108,1,0
BRDA:1072,109,0,0
BRDA:1072,109,1,0
BRDA:1076,110,0,0
BRDA:1076,110,1,0
BRF:210
BRH:92
end_of_record
TN:
SF:lib/hooksRegistry.js
FN:12,(anonymous_0)
FN:27,registerLocalHooks
FN:28,(anonymous_2)
FN:37,(anonymous_3)
FN:51,(anonymous_4)
FN:55,(anonymous_5)
FN:69,registerConfigHooks
FN:75,(anonymous_7)
FN:100,addHook
FN:110,(anonymous_9)
FN:113,(anonymous_10)
FNF:11
FNH:0
FNDA:0,(anonymous_0)
FNDA:0,registerLocalHooks
FNDA:0,(anonymous_2)
FNDA:0,(anonymous_3)
FNDA:0,(anonymous_4)
FNDA:0,(anonymous_5)
FNDA:0,registerConfigHooks
FNDA:0,(anonymous_7)
FNDA:0,addHook
FNDA:0,(anonymous_9)
FNDA:0,(anonymous_10)
DA:1,2
DA:2,2
DA:3,2
DA:12,2
DA:13,0
DA:15,0
DA:17,0
DA:28,0
DA:29,0
DA:31,0
DA:33,0
DA:37,0
DA:38,0
DA:39,0
DA:40,0
DA:41,0
DA:43,0
DA:45,0
DA:47,0
DA:51,0
DA:52,0
DA:55,0
DA:56,0
DA:70,0
DA:71,0
DA:73,0
DA:75,0
DA:77,0
DA:80,0
DA:83,0
DA:85,0
DA:87,0
DA:89,0
DA:90,0
DA:106,0
DA:107,0
DA:110,0
DA:111,0
DA:113,0
DA:114,0
DA:116,0
DA:117,0
DA:120,0
LF:43
LH:4
BRDA:15,0,0,0
BRDA:15,0,1,0
BRDA:15,1,0,0
BRDA:15,1,1,0
BRDA:31,2,0,0
BRDA:31,2,1,0
BRDA:73,3,0,0
BRDA:73,3,1,0
BRDA:73,4,0,0
BRDA:73,4,1,0
BRDA:106,5,0,0
BRDA:106,5,1,0
BRDA:114,6,0,0
BRDA:114,6,1,0
BRDA:114,7,0,0
BRDA:114,7,1,0
BRDA:116,8,0,0
BRDA:116,8,1,0
BRF:18
BRH:0
end_of_record
TN:
SF:lib/logMessages.js
FN:9,templateVersion
FN:13,templateSource
FN:17,templateNotFound
FN:21,packageNotAvailable
FN:29,installationDebugMessage
FN:33,templateSuccessfullyInstalled
FN:37,relativeSourceFileNotGenerated
FN:41,conditionalFilesMatched
FNF:8
FNH:5
FNDA:0,templateVersion
FNDA:5,templateSource
FNDA:3,templateNotFound
FNDA:3,packageNotAvailable
FNDA:8,installationDebugMessage
FNDA:6,templateSuccessfullyInstalled
FNDA:0,relativeSourceFileNotGenerated
FNDA:0,conditionalFilesMatched
DA:1,5
DA:3,5
DA:5,5
DA:7,5
DA:10,0
DA:14,5
DA:18,3
DA:22,3
DA:23,0
DA:26,3
DA:30,8
DA:34,6
DA:38,0
DA:42,0
DA:45,5
LF:15
LH:11
BRDA:22,0,0,0
BRDA:22,0,1,3
BRDA:22,1,0,3
BRDA:22,1,1,0
BRF:4
BRH:2
end_of_record
TN:
SF:lib/parser.js
FN:10,(anonymous_0)
FN:18,(anonymous_1)
FN:37,(anonymous_2)
FN:44,(anonymous_3)
FN:54,convertOldOptionsToNew
FN:91,getMapBaseUrlToFolderResolvers
FN:95,(anonymous_6)
FN:96,(anonymous_7)
FN:100,(anonymous_8)
FN:120,convertOldResolvers
FN:123,(anonymous_10)
FN:127,(anonymous_11)
FN:128,(anonymous_12)
FN:135,canReadFn
FNF:14
FNH:5
FNDA:49,(anonymous_0)
FNDA:11,(anonymous_1)
FNDA:21,(anonymous_2)
FNDA:14,(anonymous_3)
FNDA:11,convertOldOptionsToNew
FNDA:0,getMapBaseUrlToFolderResolvers
FNDA:0,(anonymous_6)
FNDA:0,(anonymous_7)
FNDA:0,(anonymous_8)
FNDA:0,convertOldResolvers
FNDA:0,(anonymous_10)
FNDA:0,(anonymous_11)
FNDA:0,(anonymous_12)
FNDA:0,canReadFn
DA:1,5
DA:2,5
DA:3,5
DA:5,5
DA:10,5
DA:11,49
DA:12,33
DA:13,32
DA:15,1
DA:18,5
DA:19,11
DA:21,11
DA:22,3
DA:24,11
DA:25,11
DA:26,11
DA:27,11
DA:28,2
DA:30,9
DA:31,9
DA:37,5
DA:38,21
DA:44,5
DA:45,14
DA:46,14
DA:48,7
DA:50,7
DA:55,11
DA:56,11
DA:58,11
DA:59,0
DA:61,11
DA:62,0
DA:65,11
DA:66,11
DA:67,0
DA:69,11
DA:70,0
DA:73,11
DA:74,0
DA:75,0
DA:80,11
DA:92,0
DA:96,0
DA:97,0
DA:98,0
DA:99,0
DA:100,0
DA:101,0
DA:102,0
DA:104,0
DA:108,0
DA:114,0
DA:121,0
DA:123,0
DA:124,0
DA:127,0
DA:129,0
DA:136,0
DA:137,0
DA:138,0
DA:139,0
DA:140,0
DA:141,0
DA:142,0
DA:144,0
LF:66
LH:36
BRDA:11,0,0,16
BRDA:11,0,1,33
BRDA:12,1,0,32
BRDA:12,1,1,1
BRDA:12,2,0,33
BRDA:12,2,1,33
BRDA:21,3,0,3
BRDA:21,3,1,8
BRDA:27,4,0,2
BRDA:27,4,1,9
BRDA:37,5,0,0
BRDA:44,6,0,0
BRDA:46,7,0,7
BRDA:46,7,1,7
BRDA:55,8,0,0
BRDA:55,8,1,11
BRDA:58,9,0,0
BRDA:58,9,1,11
BRDA:61,10,0,0
BRDA:61,10,1,11
BRDA:66,11,0,0
BRDA:66,11,1,11
BRDA:66,12,0,11
BRDA:66,12,1,11
BRDA:66,12,2,1
BRDA:69,13,0,0
BRDA:69,13,1,11
BRDA:73,14,0,0
BRDA:73,14,1,11
BRDA:101,15,0,0
BRDA:101,15,1,0
BRDA:120,16,0,0
BRDA:121,17,0,0
BRDA:121,17,1,0
BRDA:126,18,0,0
BRDA:126,18,1,0
BRDA:137,19,0,0
BRDA:137,19,1,0
BRDA:138,20,0,0
BRDA:138,20,1,0
BRDA:139,21,0,0
BRDA:139,21,1,0
BRDA:140,22,0,0
BRDA:140,22,1,0
BRDA:141,23,0,0
BRDA:141,23,1,0
BRF:46
BRH:21
end_of_record
TN:
SF:lib/templateConfigValidator.js
FN:26,(anonymous_0)
FN:54,isTemplateCompatible
FN:71,isRequiredParamProvided
FN:73,(anonymous_3)
FN:86,getParamSuggestion
FN:87,(anonymous_5)
FN:90,(anonymous_6)
FN:99,isProvidedParameterSupported
FN:100,(anonymous_8)
FN:107,(anonymous_9)
FN:121,isServerProtocolSupported
FN:132,isProvidedTemplateRendererSupported
FN:147,isServerProvidedInDocument
FN:156,validateConditionalFiles
FN:160,(anonymous_14)
FNF:15
FNH:15
FNDA:18,(anonymous_0)
FNDA:16,isTemplateCompatible
FNDA:14,isRequiredParamProvided
FNDA:9,(anonymous_3)
FNDA:1,getParamSuggestion
FNDA:1,(anonymous_5)
FNDA:2,(anonymous_6)
FNDA:6,isProvidedParameterSupported
FNDA:2,(anonymous_8)
FNDA:1,(anonymous_9)
FNDA:6,isServerProtocolSupported
FNDA:13,isProvidedTemplateRendererSupported
FNDA:3,isServerProvidedInDocument
FNDA:18,validateConditionalFiles
FNDA:3,(anonymous_14)
DA:1,3
DA:2,3
DA:3,3
DA:4,3
DA:6,3
DA:7,3
DA:9,3
DA:12,3
DA:26,3
DA:27,18
DA:29,18
DA:30,16
DA:31,14
DA:32,13
DA:33,12
DA:35,6
DA:36,4
DA:38,2
DA:40,6
DA:41,3
DA:44,6
DA:45,4
DA:55,16
DA:56,16
DA:57,1
DA:60,15
DA:61,1
DA:72,14
DA:73,9
DA:75,14
DA:76,1
DA:87,1
DA:88,1
DA:90,2
DA:100,6
DA:102,6
DA:103,2
DA:105,1
DA:107,1
DA:108,1
DA:111,1
DA:122,6
DA:123,3
DA:133,13
DA:134,13
DA:135,12
DA:138,1
DA:148,3
DA:157,18
DA:158,3
DA:160,3
DA:161,3
DA:162,3
DA:163,2
DA:164,1
LF:55
LH:55
BRDA:33,0,0,6
BRDA:33,0,1,6
BRDA:33,1,0,12
BRDA:33,1,1,11
BRDA:35,2,0,4
BRDA:35,2,1,2
BRDA:56,3,0,1
BRDA:56,3,1,15
BRDA:56,4,0,16
BRDA:56,4,1,1
BRDA:60,5,0,1
BRDA:60,5,1,14
BRDA:60,6,0,15
BRDA:60,6,1,5
BRDA:72,7,0,14
BRDA:72,7,1,6
BRDA:73,8,0,9
BRDA:73,8,1,1
BRDA:75,9,0,1
BRDA:75,9,1,13
BRDA:100,10,0,6
BRDA:100,10,1,0
BRDA:100,11,0,2
BRDA:100,11,1,1
BRDA:102,12,0,4
BRDA:102,12,1,2
BRDA:103,13,0,1
BRDA:103,13,1,1
BRDA:122,14,0,3
BRDA:122,14,1,3
BRDA:122,15,0,6
BRDA:122,15,1,3
BRDA:122,15,2,3
BRDA:134,16,0,12
BRDA:134,16,1,1
BRDA:148,17,0,3
BRDA:148,17,1,0
BRDA:148,18,0,3
BRDA:148,18,1,3
BRDA:157,19,0,3
BRDA:157,19,1,15
BRDA:162,20,0,1
BRDA:162,20,1,2
BRDA:163,21,0,1
BRDA:163,21,1,1
BRF:45
BRH:43
end_of_record
TN:
SF:lib/utils.js
FN:24,(anonymous_0)
FN:41,(anonymous_1)
FN:54,(anonymous_2)
FN:68,(anonymous_3)
FN:79,(anonymous_4)
FN:89,(anonymous_5)
FN:90,(anonymous_6)
FN:92,(anonymous_7)
FN:103,(anonymous_8)
FN:113,(anonymous_9)
FN:123,(anonymous_10)
FN:133,(anonymous_11)
FN:143,(anonymous_12)
FN:152,(anonymous_13)
FN:171,(anonymous_14)
FN:216,(anonymous_15)
FNF:16
FNH:4
FNDA:2,(anonymous_0)
FNDA:0,(anonymous_1)
FNDA:0,(anonymous_2)
FNDA:0,(anonymous_3)
FNDA:0,(anonymous_4)
FNDA:0,(anonymous_5)
FNDA:0,(anonymous_6)
FNDA:0,(anonymous_7)
FNDA:0,(anonymous_8)
FNDA:0,(anonymous_9)
FNDA:0,(anonymous_10)
FNDA:0,(anonymous_11)
FNDA:1,(anonymous_12)
FNDA:1,(anonymous_13)
FNDA:4,(anonymous_14)
FNDA:0,(anonymous_15)
DA:1,4
DA:2,4
DA:3,4
DA:4,4
DA:5,4
DA:6,4
DA:7,4
DA:8,4
DA:9,4
DA:11,4
DA:13,4
DA:15,4
DA:17,4
DA:18,4
DA:19,4
DA:20,4
DA:21,4
DA:22,4
DA:24,4
DA:25,2
DA:26,2
DA:27,1
DA:30,1
DA:31,1
DA:41,4
DA:42,0
DA:54,4
DA:55,0
DA:56,0
DA:57,0
DA:59,0
DA:68,4
DA:69,0
DA:70,0
DA:79,4
DA:80,0
DA:89,4
DA:90,0
DA:91,0
DA:92,0
DA:103,4
DA:104,0
DA:113,4
DA:114,0
DA:115,0
DA:123,4
DA:124,0
DA:133,4
DA:134,0
DA:143,4
DA:144,1
DA:152,4
DA:153,1
DA:156,1
DA:157,0
DA:159,1
DA:171,4
DA:178,4
DA:179,1
DA:181,1
DA:185,3
DA:190,3
DA:191,2
DA:193,2
DA:196,0
DA:199,2
DA:200,1
DA:202,1
DA:207,4
DA:208,3
DA:210,3
DA:213,4
DA:216,4
DA:217,0
DA:218,0
DA:219,0
DA:220,0
DA:222,0
LF:78
LH:55
BRDA:42,0,0,0
BRDA:42,0,1,0
BRDA:42,0,2,0
BRDA:42,0,3,0
BRDA:80,1,0,0
BRDA:80,1,1,0
BRDA:114,2,0,0
BRDA:114,2,1,0
BRDA:134,3,0,0
BRDA:134,3,1,0
BRDA:134,3,2,0
BRDA:156,4,0,0
BRDA:156,4,1,1
BRDA:156,5,0,1
BRDA:156,5,1,1
BRDA:178,6,0,1
BRDA:178,6,1,3
BRDA:190,7,0,2
BRDA:190,7,1,1
BRDA:199,8,0,1
BRDA:199,8,1,1
BRDA:207,9,0,3
BRDA:207,9,1,1
BRF:23
BRH:11
end_of_record
TN:
SF:lib/renderer/nunjucks.js
FN:11,(anonymous_0)
FN:30,(anonymous_1)
FN:31,(anonymous_2)
FN:37,(anonymous_3)
FNF:4
FNH:0
FNDA:0,(anonymous_0)
FNDA:0,(anonymous_1)
FNDA:0,(anonymous_2)
FNDA:0,(anonymous_3)
DA:1,2
DA:2,2
DA:11,2
DA:12,0
DA:13,0
DA:15,0
DA:30,2
DA:31,0
DA:32,0
DA:38,0
DA:39,0
LF:11
LH:4
BRDA:13,0,0,0
BRDA:13,0,1,0
BRDA:38,1,0,0
BRDA:38,1,1,0
BRF:4
BRH:0
end_of_record
TN:
SF:lib/renderer/react.js
FN:17,(anonymous_0)
FN:39,(anonymous_1)
FN:61,(anonymous_2)
FN:93,(anonymous_3)
FN:95,(anonymous_4)
FNF:5
FNH:5
FNDA:1,(anonymous_0)
FNDA:1,(anonymous_1)
FNDA:3,(anonymous_2)
FNDA:2,(anonymous_3)
FNDA:2,(anonymous_4)
DA:1,3
DA:2,3
DA:5,3
DA:7,3
DA:17,3
DA:18,1
DA:19,1
DA:39,3
DA:40,1
DA:41,1
DA:42,1
DA:61,3
DA:62,3
DA:64,3
DA:65,3
DA:67,3
DA:68,0
DA:70,3
DA:71,3
DA:72,0
DA:74,3
DA:75,3
DA:76,3
DA:77,3
DA:81,3
DA:93,3
DA:94,2
DA:95,2
DA:97,1
LF:29
LH:27
BRDA:40,0,0,1
BRDA:40,0,1,0
BRDA:67,1,0,0
BRDA:67,1,1,3
BRDA:67,2,0,3
BRDA:67,2,1,3
BRDA:70,3,0,3
BRDA:70,3,1,0
BRDA:71,4,0,0
BRDA:71,4,1,3
BRDA:74,5,0,3
BRDA:74,5,1,0
BRDA:94,6,0,1
BRDA:94,6,1,1
BRF:14
BRH:9
end_of_record
